2017-01-07 10:58:03,206 DEBUG [generic.user] Calling send_event on <wflogger.collector.YamlXmlFileCollector object at 0x7fd73478b190>
2017-01-07 10:58:03,207 DEBUG [generic.multi] Calling send_event on child aggregator
2017-01-07 10:58:03,207 DEBUG [collector.buffer] Got a recent hum event, keep it in retention queue
2017-01-07 10:58:03,207 DEBUG [collector.buffer] Dumping retention queue.
2017-01-07 10:58:03,207 DEBUG [generic.multi] Calling send_event on child current
2017-01-07 10:58:03,207 DEBUG [generic.user] Calling send_event on <wflogger.collector.YamlXmlFileCollector object at 0x7fd73478b190>
2017-01-07 10:58:03,207 DEBUG [generic.multi] Calling send_event on child aggregator
2017-01-07 10:58:03,207 DEBUG [collector.buffer] Got a recent rain event, keep it in retention queue
2017-01-07 10:58:03,207 DEBUG [collector.buffer] Dumping retention queue.
2017-01-07 10:58:03,207 DEBUG [generic.multi] Calling send_event on child current
2017-01-07 10:58:03,207 DEBUG [generic.user] Calling send_event on <wflogger.collector.YamlXmlFileCollector object at 0x7fd73478b190>
2017-01-07 10:58:03,208 DEBUG [generic.multi] Calling send_event on child aggregator
2017-01-07 10:58:03,208 DEBUG [collector.buffer] Got a recent wind event, keep it in retention queue
2017-01-07 10:58:03,208 DEBUG [collector.buffer] Dumping retention queue.
2017-01-07 10:58:40,310 DEBUG [pywws.weather_station] delay 0, pause 0.5
2017-01-07 10:58:40,811 DEBUG [pywws.weather_station] avoid 5.80359482765
2017-01-07 10:58:46,783 DEBUG [pywws.weather_station] live_data new data
2017-01-07 10:58:46,783 DEBUG [wfdriver] Enqueuing: <press><value>1020.2</value></press>, Queue size: 0
2017-01-07 10:58:46,783 DEBUG [wfdriver] Enqueuing: <temp><sensor>0</sensor><value>26.2</value></temp>, Queue size: 1
2017-01-07 10:58:46,783 DEBUG [generic.service] Calling send_event on <wflogger.input.YamlFunctionInput object at 0x7fd734784ed0>
2017-01-07 10:58:46,783 DEBUG [wfdriver] Enqueuing: <hum><sensor>0</sensor><value>81</value></hum>, Queue size: 1
2017-01-07 10:58:46,783 DEBUG [wflogger] Got 'press' event. Queue size: 0
2017-01-07 10:58:46,784 DEBUG [wfdriver] Enqueuing: <temp><sensor>1</sensor><value>26.5</value></temp>, Queue size: 2
2017-01-07 10:58:46,784 DEBUG [generic.service] Calling send_event on <wflogger.input.YamlFunctionInput object at 0x7fd734784ed0>
2017-01-07 10:58:46,784 DEBUG [generic.multi] Calling send_event on child current
2017-01-07 10:58:46,784 DEBUG [wfdriver] Enqueuing: <hum><sensor>1</sensor><value>74</value></hum>, Queue size: 2
2017-01-07 10:58:46,784 DEBUG [wflogger] Got 'temp' event. Queue size: 0
2017-01-07 10:58:46,784 DEBUG [generic.user] Calling send_event on <wflogger.collector.YamlXmlFileCollector object at 0x7fd73478b190>
2017-01-07 10:58:46,784 DEBUG [wfdriver] Enqueuing: <rain><total>168.3</total><rate>0</rate></rain>, Queue size: 3
2017-01-07 10:58:46,785 DEBUG [generic.service] Calling send_event on <wflogger.input.YamlFunctionInput object at 0x7fd734784ed0>
2017-01-07 10:58:46,785 DEBUG [collector.flush] Flushing
2017-01-07 10:58:46,785 DEBUG [wfdriver] Enqueuing: <wind><mean><speed>1.7</speed><dir>135.0</dir></mean><gust><speed>2.7</speed><dir>135.0</dir></gust></wind>, Queue size: 3
2017-01-07 10:58:46,785 DEBUG [wflogger] Got 'hum' event. Queue size: 1
2017-01-07 10:58:46,785 DEBUG [generic.user] Calling send_event on <wflogger.collector.YamlXmlFileCollector object at 0x7fd73478b190>
2017-01-07 10:58:46,785 DEBUG [pywws.weather_station] delay 1, pause 41.3295
2017-01-07 10:58:46,786 DEBUG [generic.service] Calling send_event on <wflogger.input.YamlFunctionInput object at 0x7fd734784ed0>
2017-01-07 10:58:46,786 DEBUG [collector.xmlfile] Flushing: <current><thInt><temp>26.2</temp><humidity>81</humidity></thInt><th1><temp>26.5</temp><humidity>73</humidity></th1><rain><rate>0</rate></rain><wind><avgSpeed>2.0</avgSpeed><dirDeg>225.0</dirDeg><gustSpeed>3.1</gustSpeed></wind><barometer><pressure>1020.2</pressure></barometer><time>2017-01-07 10:58:46</time></current> to data/wfrog-current.xml
2017-01-07 10:58:46,786 DEBUG [wflogger] Got 'temp' event. Queue size: 2
2017-01-07 10:58:46,786 DEBUG [generic.service] Calling send_event on <wflogger.input.YamlFunctionInput object at 0x7fd734784ed0>
2017-01-07 10:58:46,786 DEBUG [generic.multi] Calling send_event on child aggregator
2017-01-07 10:58:46,786 DEBUG [wflogger] Got 'hum' event. Queue size: 3
2017-01-07 10:58:46,786 DEBUG [collector.buffer] Got a recent press event, keep it in retention queue
2017-01-07 10:58:46,787 DEBUG [generic.service] Calling send_event on <wflogger.input.YamlFunctionInput object at 0x7fd734784ed0>
2017-01-07 10:58:46,787 DEBUG [collector.buffer] Dumping retention queue.
2017-01-07 10:58:46,787 DEBUG [collector.buffer] Forwarding event: *FLUSH*
2017-01-07 10:58:46,787 DEBUG [wflogger] Got 'rain' event. Queue size: 4
2017-01-07 10:58:46,787 DEBUG [collector.aggregator] data = {'hum': 73.0, 'rain_rate': 0.0, 'rain': 0.0, 'pressure': 1020.3, 'humint': 81.0, 'solar_rad': None, 'wind_gust_dir': 225.0, 'wind_dir': 225.0, 'wind_gust': 3.1, 'uv_index': None, 'temp': 26.5, 'dew_point': 21.3, 'tempint': 26.2, 'wind': 2.0, 'localtime': datetime.datetime(2017, 1, 7, 10, 57, 30, 786362)}
2017-01-07 10:58:46,787 DEBUG [generic.service] Calling send_event on <wflogger.input.YamlFunctionInput object at 0x7fd734784ed0>
2017-01-07 10:58:46,787 INFO [collector.aggregator] New period
2017-01-07 10:58:46,788 DEBUG [wflogger] Got 'wind' event. Queue size: 5
2017-01-07 10:58:46,788 DEBUG [collector.aggregator] Flushing sample: {'hum': 73.0, 'rain_rate': 0.0, 'rain': 0.0, 'pressure': 1020.3, 'humint': 81.0, 'solar_rad': None, 'wind_gust_dir': 225.0, 'wind_dir': 225.0, 'wind_gust': 3.1, 'uv_index': None, 'temp': 26.5, 'dew_point': 21.3, 'tempint': 26.2, 'wind': 2.0, 'localtime': datetime.datetime(2017, 1, 7, 10, 57, 30, 786362)}
2017-01-07 10:58:46,788 DEBUG [generic.service] Calling write_sample on <wfcommon.generic.YamlIncludeElement object at 0x7fd734784ad0>
2017-01-07 10:58:46,788 DEBUG [generic.include] Calling write_sample on <wfcommon.generic.YamlUserChoiceElement object at 0x7fd73478dc50>
2017-01-07 10:58:46,788 DEBUG [generic.user] Calling write_sample on <wfcommon.storage.YamlCsvStorage object at 0x7fd734784a10>
2017-01-07 10:58:46,788 DEBUG [storage.csv] {'hum': 73.0, 'rain_rate': 0.0, 'rain': 0.0, 'pressure': 1020.3, 'humint': 81.0, 'solar_rad': None, 'wind_gust_dir': 225.0, 'wind_dir': 225.0, 'wind_gust': 3.1, 'uv_index': None, 'temp': 26.5, 'dew_point': 21.3, 'tempint': 26.2, 'wind': 2.0, 'localtime': datetime.datetime(2017, 1, 7, 10, 57, 30, 786362)}
2017-01-07 10:58:46,788 DEBUG [storage.csv] Writing row: [1483801050, '2017-01-07 10:57:30', 26.5, 73.0, 2.0, 225.0, 3.1, 225.0, 21.3, 0.0, 0.0, 1020.3, None]
2017-01-07 10:58:46,789 DEBUG [collector.buffer] Forwarding event: <press><value>1020.4</value><timestamp>2017-01-07 10:58:03.203116</timestamp></press>
2017-01-07 10:58:46,789 DEBUG [collector.buffer] Forwarding event: <temp><sensor>0</sensor><value>26.2</value><timestamp>2017-01-07 10:58:03.205863</timestamp></temp>
2017-01-07 10:58:46,789 DEBUG [collector.buffer] Forwarding event: <hum><sensor>0</sensor><value>81</value><timestamp>2017-01-07 10:58:03.206264</timestamp></hum>
2017-01-07 10:58:46,789 DEBUG [collector.buffer] Forwarding event: <temp><sensor>1</sensor><value>26.5</value><timestamp>2017-01-07 10:58:03.206718</timestamp></temp>
2017-01-07 10:58:46,789 DEBUG [collector.buffer] Forwarding event: <hum><sensor>1</sensor><value>73</value><timestamp>2017-01-07 10:58:03.207298</timestamp></hum>
2017-01-07 10:58:46,789 DEBUG [collector.buffer] Forwarding event: <rain><total>168.3</total><rate>0</rate><timestamp>2017-01-07 10:58:03.207704</timestamp></rain>
2017-01-07 10:58:46,789 DEBUG [collector.buffer] Forwarding event: <wind><mean><speed>2.0</speed><dir>225.0</dir></mean><gust><speed>3.1</speed><dir>225.0</dir></gust><timestamp>2017-01-07 10:58:03.208107</timestamp></wind>
2017-01-07 10:58:46,789 DEBUG [generic.multi] Calling send_event on child current
2017-01-07 10:58:46,790 DEBUG [generic.user] Calling send_event on <wflogger.collector.YamlXmlFileCollector object at 0x7fd73478b190>
2017-01-07 10:58:46,790 DEBUG [generic.multi] Calling send_event on child aggregator
2017-01-07 10:58:46,790 DEBUG [collector.buffer] Got a recent temp event, keep it in retention queue
2017-01-07 10:58:46,790 DEBUG [collector.buffer] Dumping retention queue.
2017-01-07 10:58:46,790 DEBUG [generic.multi] Calling send_event on child current
2017-01-07 10:58:46,790 DEBUG [generic.user] Calling send_event on <wflogger.collector.YamlXmlFileCollector object at 0x7fd73478b190>
2017-01-07 10:58:46,790 DEBUG [generic.multi] Calling send_event on child aggregator
2017-01-07 10:58:46,790 DEBUG [collector.buffer] Got a recent hum event, keep it in retention queue
2017-01-07 10:58:46,790 DEBUG [collector.buffer] Dumping retention queue.
2017-01-07 10:58:46,790 DEBUG [generic.multi] Calling send_event on child current
2017-01-07 10:58:46,790 DEBUG [generic.user] Calling send_event on <wflogger.collector.YamlXmlFileCollector object at 0x7fd73478b190>
2017-01-07 10:58:46,791 DEBUG [generic.multi] Calling send_event on child aggregator
2017-01-07 10:58:46,791 DEBUG [collector.buffer] Got a recent temp event, keep it in retention queue
2017-01-07 10:58:46,791 DEBUG [collector.buffer] Dumping retention queue.
2017-01-07 10:58:46,791 DEBUG [generic.multi] Calling send_event on child current
2017-01-07 10:58:46,791 DEBUG [generic.user] Calling send_event on <wflogger.collector.YamlXmlFileCollector object at 0x7fd73478b190>
2017-01-07 10:58:46,791 DEBUG [generic.multi] Calling send_event on child aggregator
2017-01-07 10:58:46,791 DEBUG [collector.buffer] Got a recent hum event, keep it in retention queue
2017-01-07 10:58:46,791 DEBUG [collector.buffer] Dumping retention queue.
2017-01-07 10:58:46,791 DEBUG [generic.multi] Calling send_event on child current
2017-01-07 10:58:46,791 DEBUG [generic.user] Calling send_event on <wflogger.collector.YamlXmlFileCollector object at 0x7fd73478b190>
2017-01-07 10:58:46,791 DEBUG [generic.multi] Calling send_event on child aggregator
2017-01-07 10:58:46,791 DEBUG [collector.buffer] Got a recent rain event, keep it in retention queue
2017-01-07 10:58:46,791 DEBUG [collector.buffer] Dumping retention queue.
2017-01-07 10:58:46,791 DEBUG [generic.multi] Calling send_event on child current
2017-01-07 10:58:46,792 DEBUG [generic.user] Calling send_event on <wflogger.collector.YamlXmlFileCollector object at 0x7fd73478b190>
2017-01-07 10:58:46,792 DEBUG [generic.multi] Calling send_event on child aggregator
2017-01-07 10:58:46,792 DEBUG [collector.buffer] Got a recent wind event, keep it in retention queue
2017-01-07 10:58:46,792 DEBUG [collector.buffer] Dumping retention queue.
2017-01-07 10:59:28,279 DEBUG [pywws.weather_station] delay 1, pause 0.5
2017-01-07 10:59:28,780 DEBUG [pywws.weather_station] avoid 5.83496284485
2017-01-07 10:59:34,783 DEBUG [pywws.weather_station] live_data new data
2017-01-07 10:59:34,783 DEBUG [wfdriver] Enqueuing: <press><value>1020.2</value></press>, Queue size: 0
2017-01-07 10:59:34,783 DEBUG [wfdriver] Enqueuing: <temp><sensor>0</sensor><value>26.2</value></temp>, Queue size: 1
2017-01-07 10:59:34,784 DEBUG [generic.service] Calling send_event on <wflogger.input.YamlFunctionInput object at 0x7fd734784ed0>
2017-01-07 10:59:34,784 DEBUG [wfdriver] Enqueuing: <hum><sensor>0</sensor><value>81</value></hum>, Queue size: 1
2017-01-07 10:59:34,784 DEBUG [wflogger] Got 'press' event. Queue size: 0
2017-01-07 10:59:34,784 DEBUG [wfdriver] Enqueuing: <temp><sensor>1</sensor><value>26.4</value></temp>, Queue size: 2
2017-01-07 10:59:34,784 DEBUG [generic.multi] Calling send_event on child current
2017-01-07 10:59:34,785 DEBUG [generic.service] Calling send_event on <wflogger.input.YamlFunctionInput object at 0x7fd734784ed0>
2017-01-07 10:59:34,785 DEBUG [wfdriver] Enqueuing: <hum><sensor>1</sensor><value>74</value></hum>, Queue size: 2
2017-01-07 10:59:34,785 DEBUG [generic.user] Calling send_event on <wflogger.collector.YamlXmlFileCollector object at 0x7fd73478b190>
2017-01-07 10:59:34,785 DEBUG [wflogger] Got 'temp' event. Queue size: 0
2017-01-07 10:59:34,785 DEBUG [wfdriver] Enqueuing: <rain><total>168.3</total><rate>0</rate></rain>, Queue size: 3
2017-01-07 10:59:34,785 DEBUG [collector.flush] Flushing
2017-01-07 10:59:34,785 DEBUG [generic.service] Calling send_event on <wflogger.input.YamlFunctionInput object at 0x7fd734784ed0>
2017-01-07 10:59:34,786 DEBUG [wfdriver] Enqueuing: <wind><mean><speed>2.7</speed><dir>202.5</dir></mean><gust><speed>3.4</speed><dir>202.5</dir></gust></wind>, Queue size: 3
2017-01-07 10:59:34,786 DEBUG [generic.user] Calling send_event on <wflogger.collector.YamlXmlFileCollector object at 0x7fd73478b190>
2017-01-07 10:59:34,786 DEBUG [wflogger] Got 'hum' event. Queue size: 1
2017-01-07 10:59:34,786 DEBUG [pywws.weather_station] delay 2, pause 41.3287
2017-01-07 10:59:34,786 DEBUG [collector.xmlfile] Flushing: <current><thInt><temp>26.2</temp><humidity>81</humidity></thInt><th1><temp>26.5</temp><humidity>74</humidity></th1><rain><rate>0</rate></rain><wind><avgSpeed>1.7</avgSpeed><dirDeg>135.0</dirDeg><gustSpeed>2.7</gustSpeed></wind><barometer><pressure>1020.2</pressure></barometer><time>2017-01-07 10:59:34</time></current> to data/wfrog-current.xml
2017-01-07 10:59:34,786 DEBUG [generic.service] Calling send_event on <wflogger.input.YamlFunctionInput object at 0x7fd734784ed0>
2017-01-07 10:59:34,787 DEBUG [wflogger] Got 'temp' event. Queue size: 2
2017-01-07 10:59:34,787 DEBUG [generic.service] Calling send_event on <wflogger.input.YamlFunctionInput object at 0x7fd734784ed0>
2017-01-07 10:59:34,787 DEBUG [wflogger] Got 'hum' event. Queue size: 3
2017-01-07 10:59:34,787 DEBUG [generic.multi] Calling send_event on child aggregator
2017-01-07 10:59:34,787 DEBUG [generic.service] Calling send_event on <wflogger.input.YamlFunctionInput object at 0x7fd734784ed0>
2017-01-07 10:59:34,787 DEBUG [collector.buffer] Got a recent press event, keep it in retention queue
2017-01-07 10:59:34,788 DEBUG [wflogger] Got 'rain' event. Queue size: 4
2017-01-07 10:59:34,788 DEBUG [collector.buffer] Dumping retention queue.
2017-01-07 10:59:34,788 DEBUG [generic.service] Calling send_event on <wflogger.input.YamlFunctionInput object at 0x7fd734784ed0>
2017-01-07 10:59:34,788 DEBUG [collector.buffer] Forwarding event: *FLUSH*
2017-01-07 10:59:34,788 DEBUG [wflogger] Got 'wind' event. Queue size: 5
2017-01-07 10:59:34,788 DEBUG [collector.aggregator] data = {'hum': 73.0, 'rain_rate': 0.0, 'rain': 0.0, 'pressure': 1020.4, 'humint': 81.0, 'solar_rad': None, 'wind_gust_dir': 225.0, 'wind_dir': 225.0, 'wind_gust': 3.1, 'uv_index': None, 'temp': 26.5, 'dew_point': 21.3, 'tempint': 26.2, 'wind': 2.0, 'localtime': datetime.datetime(2017, 1, 7, 10, 58, 23, 203116)}
2017-01-07 10:59:34,789 INFO [collector.aggregator] New period
2017-01-07 10:59:34,789 DEBUG [collector.aggregator] Flushing sample: {'hum': 73.0, 'rain_rate': 0.0, 'rain': 0.0, 'pressure': 1020.4, 'humint': 81.0, 'solar_rad': None, 'wind_gust_dir': 225.0, 'wind_dir': 225.0, 'wind_gust': 3.1, 'uv_index': None, 'temp': 26.5, 'dew_point': 21.3, 'tempint': 26.2, 'wind': 2.0, 'localtime': datetime.datetime(2017, 1, 7, 10, 58, 23, 203116)}
2017-01-07 10:59:34,789 DEBUG [generic.service] Calling write_sample on <wfcommon.generic.YamlIncludeElement object at 0x7fd734784ad0>
2017-01-07 10:59:34,789 DEBUG [generic.include] Calling write_sample on <wfcommon.generic.YamlUserChoiceElement object at 0x7fd73478dc50>
2017-01-07 10:59:34,789 DEBUG [generic.user] Calling write_sample on <wfcommon.storage.YamlCsvStorage object at 0x7fd734784a10>
2017-01-07 10:59:34,789 DEBUG [storage.csv] {'hum': 73.0, 'rain_rate': 0.0, 'rain': 0.0, 'pressure': 1020.4, 'humint': 81.0, 'solar_rad': None, 'wind_gust_dir': 225.0, 'wind_dir': 225.0, 'wind_gust': 3.1, 'uv_index': None, 'temp': 26.5, 'dew_point': 21.3, 'tempint': 26.2, 'wind': 2.0, 'localtime': datetime.datetime(2017, 1, 7, 10, 58, 23, 203116)}
2017-01-07 10:59:34,789 DEBUG [storage.csv] Writing row: [1483801103, '2017-01-07 10:58:23', 26.5, 73.0, 2.0, 225.0, 3.1, 225.0, 21.3, 0.0, 0.0, 1020.4, None]
2017-01-07 10:59:34,789 DEBUG [collector.buffer] Forwarding event: <press><value>1020.2</value><timestamp>2017-01-07 10:58:46.786975</timestamp></press>
2017-01-07 10:59:34,789 DEBUG [collector.buffer] Forwarding event: <temp><sensor>0</sensor><value>26.2</value><timestamp>2017-01-07 10:58:46.790277</timestamp></temp>
2017-01-07 10:59:34,789 DEBUG [collector.buffer] Forwarding event: <hum><sensor>0</sensor><value>81</value><timestamp>2017-01-07 10:58:46.790691</timestamp></hum>
2017-01-07 10:59:34,790 DEBUG [collector.buffer] Forwarding event: <temp><sensor>1</sensor><value>26.5</value><timestamp>2017-01-07 10:58:46.791080</timestamp></temp>
2017-01-07 10:59:34,790 DEBUG [collector.buffer] Forwarding event: <hum><sensor>1</sensor><value>74</value><timestamp>2017-01-07 10:58:46.791466</timestamp></hum>
2017-01-07 10:59:34,790 DEBUG [collector.buffer] Forwarding event: <rain><total>168.3</total><rate>0</rate><timestamp>2017-01-07 10:58:46.791846</timestamp></rain>
2017-01-07 10:59:34,790 DEBUG [collector.buffer] Forwarding event: <wind><mean><speed>1.7</speed><dir>135.0</dir></mean><gust><speed>2.7</speed><dir>135.0</dir></gust><timestamp>2017-01-07 10:58:46.792249</timestamp></wind>
2017-01-07 10:59:34,790 DEBUG [generic.multi] Calling send_event on child current
2017-01-07 10:59:34,790 DEBUG [generic.user] Calling send_event on <wflogger.collector.YamlXmlFileCollector object at 0x7fd73478b190>
2017-01-07 10:59:34,790 DEBUG [generic.multi] Calling send_event on child aggregator
2017-01-07 10:59:34,790 DEBUG [collector.buffer] Got a recent temp event, keep it in retention queue
2017-01-07 10:59:34,790 DEBUG [collector.buffer] Dumping retention queue.
2017-01-07 10:59:34,790 DEBUG [generic.multi] Calling send_event on child current
2017-01-07 10:59:34,791 DEBUG [generic.user] Calling send_event on <wflogger.collector.YamlXmlFileCollector object at 0x7fd73478b190>
2017-01-07 10:59:34,791 DEBUG [generic.multi] Calling send_event on child aggregator
2017-01-07 10:59:34,791 DEBUG [collector.buffer] Got a recent hum event, keep it in retention queue
2017-01-07 10:59:34,791 DEBUG [collector.buffer] Dumping retention queue.
2017-01-07 10:59:34,791 DEBUG [generic.multi] Calling send_event on child current
2017-01-07 10:59:34,791 DEBUG [generic.user] Calling send_event on <wflogger.collector.YamlXmlFileCollector object at 0x7fd73478b190>
2017-01-07 10:59:34,791 DEBUG [generic.multi] Calling send_event on child aggregator
2017-01-07 10:59:34,791 DEBUG [collector.buffer] Got a recent temp event, keep it in retention queue
2017-01-07 10:59:34,791 DEBUG [collector.buffer] Dumping retention queue.
2017-01-07 10:59:34,791 DEBUG [generic.multi] Calling send_event on child current
2017-01-07 10:59:34,791 DEBUG [generic.user] Calling send_event on <wflogger.collector.YamlXmlFileCollector object at 0x7fd73478b190>
2017-01-07 10:59:34,791 DEBUG [generic.multi] Calling send_event on child aggregator
2017-01-07 10:59:34,792 DEBUG [collector.buffer] Got a recent hum event, keep it in retention queue
2017-01-07 10:59:34,792 DEBUG [collector.buffer] Dumping retention queue.
2017-01-07 10:59:34,792 DEBUG [generic.multi] Calling send_event on child current
2017-01-07 10:59:34,792 DEBUG [generic.user] Calling send_event on <wflogger.collector.YamlXmlFileCollector object at 0x7fd73478b190>
2017-01-07 10:59:34,792 DEBUG [generic.multi] Calling send_event on child aggregator
2017-01-07 10:59:34,792 DEBUG [collector.buffer] Got a recent rain event, keep it in retention queue
2017-01-07 10:59:34,792 DEBUG [collector.buffer] Dumping retention queue.
2017-01-07 10:59:34,792 DEBUG [generic.multi] Calling send_event on child current
2017-01-07 10:59:34,792 DEBUG [generic.user] Calling send_event on <wflogger.collector.YamlXmlFileCollector object at 0x7fd73478b190>
2017-01-07 10:59:34,792 DEBUG [generic.multi] Calling send_event on child aggregator
2017-01-07 10:59:34,792 DEBUG [collector.buffer] Got a recent wind event, keep it in retention queue
2017-01-07 10:59:34,792 DEBUG [collector.buffer] Dumping retention queue.
2017-01-07 11:00:16,287 DEBUG [pywws.weather_station] delay 2, pause 0.5
2017-01-07 11:00:16,788 DEBUG [pywws.weather_station] avoid 5.82651901245
2017-01-07 11:00:22,776 DEBUG [pywws.weather_station] live_data new data
2017-01-07 11:00:22,776 DEBUG [wfdriver] Enqueuing: <press><value>1020.2</value></press>, Queue size: 0
2017-01-07 11:00:22,776 DEBUG [wfdriver] Enqueuing: <temp><sensor>0</sensor><value>26.2</value></temp>, Queue size: 1
2017-01-07 11:00:22,776 DEBUG [generic.service] Calling send_event on <wflogger.input.YamlFunctionInput object at 0x7fd734784ed0>
2017-01-07 11:00:22,776 DEBUG [wflogger] Got 'press' event. Queue size: 0
2017-01-07 11:00:22,776 DEBUG [wfdriver] Enqueuing: <hum><sensor>0</sensor><value>81</value></hum>, Queue size: 1
2017-01-07 11:00:22,777 DEBUG [generic.service] Calling send_event on <wflogger.input.YamlFunctionInput object at 0x7fd734784ed0>
2017-01-07 11:00:22,777 DEBUG [generic.multi] Calling send_event on child current
2017-01-07 11:00:22,777 DEBUG [wfdriver] Enqueuing: <temp><sensor>1</sensor><value>26.5</value></temp>, Queue size: 1
2017-01-07 11:00:22,777 DEBUG [wflogger] Got 'temp' event. Queue size: 0
2017-01-07 11:00:22,777 DEBUG [generic.user] Calling send_event on <wflogger.collector.YamlXmlFileCollector object at 0x7fd73478b190>
2017-01-07 11:00:22,777 DEBUG [wfdriver] Enqueuing: <hum><sensor>1</sensor><value>75</value></hum>, Queue size: 2
2017-01-07 11:00:22,778 DEBUG [generic.service] Calling send_event on <wflogger.input.YamlFunctionInput object at 0x7fd734784ed0>
2017-01-07 11:00:22,778 DEBUG [collector.flush] Flushing
2017-01-07 11:00:22,778 DEBUG [wfdriver] Enqueuing: <rain><total>168.3</total><rate>0</rate></rain>, Queue size: 2
2017-01-07 11:00:22,778 DEBUG [wflogger] Got 'hum' event. Queue size: 1
2017-01-07 11:00:22,778 DEBUG [generic.user] Calling send_event on <wflogger.collector.YamlXmlFileCollector object at 0x7fd73478b190>
2017-01-07 11:00:22,778 DEBUG [wfdriver] Enqueuing: <wind><mean><speed>2.7</speed><dir>180.0</dir></mean><gust><speed>4.1</speed><dir>180.0</dir></gust></wind>, Queue size: 3
2017-01-07 11:00:22,779 DEBUG [generic.service] Calling send_event on <wflogger.input.YamlFunctionInput object at 0x7fd734784ed0>
2017-01-07 11:00:22,779 DEBUG [collector.xmlfile] Flushing: <current><thInt><temp>26.2</temp><humidity>81</humidity></thInt><th1><temp>26.4</temp><humidity>74</humidity></th1><rain><rate>0</rate></rain><wind><avgSpeed>2.7</avgSpeed><dirDeg>202.5</dirDeg><gustSpeed>3.4</gustSpeed></wind><barometer><pressure>1020.2</pressure></barometer><time>2017-01-07 11:00:22</time></current> to data/wfrog-current.xml
2017-01-07 11:00:22,779 DEBUG [pywws.weather_station] delay 3, pause 41.3359
2017-01-07 11:00:22,779 DEBUG [wflogger] Got 'temp' event. Queue size: 2
2017-01-07 11:00:22,780 DEBUG [generic.service] Calling send_event on <wflogger.input.YamlFunctionInput object at 0x7fd734784ed0>
2017-01-07 11:00:22,780 DEBUG [wflogger] Got 'hum' event. Queue size: 3
2017-01-07 11:00:22,780 DEBUG [generic.multi] Calling send_event on child aggregator
2017-01-07 11:00:22,780 DEBUG [generic.service] Calling send_event on <wflogger.input.YamlFunctionInput object at 0x7fd734784ed0>
2017-01-07 11:00:22,780 DEBUG [collector.buffer] Got a recent press event, keep it in retention queue
2017-01-07 11:00:22,780 DEBUG [wflogger] Got 'rain' event. Queue size: 4
2017-01-07 11:00:22,780 DEBUG [collector.buffer] Dumping retention queue.
2017-01-07 11:00:22,780 DEBUG [generic.service] Calling send_event on <wflogger.input.YamlFunctionInput object at 0x7fd734784ed0>
2017-01-07 11:00:22,781 DEBUG [collector.buffer] Forwarding event: *FLUSH*
2017-01-07 11:00:22,781 DEBUG [wflogger] Got 'wind' event. Queue size: 5
2017-01-07 11:00:22,781 DEBUG [collector.aggregator] data = {'hum': 74.0, 'rain_rate': 0.0, 'rain': 0.0, 'pressure': 1020.2, 'humint': 81.0, 'solar_rad': None, 'wind_gust_dir': 135.0, 'wind_dir': 135.0, 'wind_gust': 2.7, 'uv_index': None, 'temp': 26.5, 'dew_point': 21.5, 'tempint': 26.2, 'wind': 1.7, 'localtime': datetime.datetime(2017, 1, 7, 10, 59, 6, 786975)}
2017-01-07 11:00:22,781 INFO [collector.aggregator] New period
2017-01-07 11:00:22,781 DEBUG [collector.aggregator] Flushing sample: {'hum': 74.0, 'rain_rate': 0.0, 'rain': 0.0, 'pressure': 1020.2, 'humint': 81.0, 'solar_rad': None, 'wind_gust_dir': 135.0, 'wind_dir': 135.0, 'wind_gust': 2.7, 'uv_index': None, 'temp': 26.5, 'dew_point': 21.5, 'tempint': 26.2, 'wind': 1.7, 'localtime': datetime.datetime(2017, 1, 7, 10, 59, 6, 786975)}
2017-01-07 11:00:22,781 DEBUG [generic.service] Calling write_sample on <wfcommon.generic.YamlIncludeElement object at 0x7fd734784ad0>
2017-01-07 11:00:22,781 DEBUG [generic.include] Calling write_sample on <wfcommon.generic.YamlUserChoiceElement object at 0x7fd73478dc50>
2017-01-07 11:00:22,781 DEBUG [generic.user] Calling write_sample on <wfcommon.storage.YamlCsvStorage object at 0x7fd734784a10>
2017-01-07 11:00:22,782 DEBUG [storage.csv] {'hum': 74.0, 'rain_rate': 0.0, 'rain': 0.0, 'pressure': 1020.2, 'humint': 81.0, 'solar_rad': None, 'wind_gust_dir': 135.0, 'wind_dir': 135.0, 'wind_gust': 2.7, 'uv_index': None, 'temp': 26.5, 'dew_point': 21.5, 'tempint': 26.2, 'wind': 1.7, 'localtime': datetime.datetime(2017, 1, 7, 10, 59, 6, 786975)}
2017-01-07 11:00:22,782 DEBUG [storage.csv] Writing row: [1483801146, '2017-01-07 10:59:06', 26.5, 74.0, 1.7, 135.0, 2.7, 135.0, 21.5, 0.0, 0.0, 1020.2, None]
2017-01-07 11:00:22,782 DEBUG [collector.buffer] Forwarding event: <press><value>1020.2</value><timestamp>2017-01-07 10:59:34.787966</timestamp></press>
2017-01-07 11:00:22,782 DEBUG [collector.buffer] Forwarding event: <temp><sensor>0</sensor><value>26.2</value><timestamp>2017-01-07 10:59:34.790847</timestamp></temp>
2017-01-07 11:00:22,782 DEBUG [collector.buffer] Forwarding event: <hum><sensor>0</sensor><value>81</value><timestamp>2017-01-07 10:59:34.791226</timestamp></hum>
2017-01-07 11:00:22,782 DEBUG [collector.buffer] Forwarding event: <temp><sensor>1</sensor><value>26.4</value><timestamp>2017-01-07 10:59:34.791625</timestamp></temp>
2017-01-07 11:00:22,782 DEBUG [collector.buffer] Forwarding event: <hum><sensor>1</sensor><value>74</value><timestamp>2017-01-07 10:59:34.792003</timestamp></hum>
2017-01-07 11:00:22,783 DEBUG [collector.buffer] Forwarding event: <rain><total>168.3</total><rate>0</rate><timestamp>2017-01-07 10:59:34.792406</timestamp></rain>
2017-01-07 11:00:22,783 DEBUG [collector.buffer] Forwarding event: <wind><mean><speed>2.7</speed><dir>202.5</dir></mean><gust><speed>3.4</speed><dir>202.5</dir></gust><timestamp>2017-01-07 10:59:34.792783</timestamp></wind>
2017-01-07 11:00:22,783 DEBUG [generic.multi] Calling send_event on child current
2017-01-07 11:00:22,783 DEBUG [generic.user] Calling send_event on <wflogger.collector.YamlXmlFileCollector object at 0x7fd73478b190>
2017-01-07 11:00:22,783 DEBUG [generic.multi] Calling send_event on child aggregator
2017-01-07 11:00:22,783 DEBUG [collector.buffer] Got a recent temp event, keep it in retention queue
2017-01-07 11:00:22,783 DEBUG [collector.buffer] Dumping retention queue.
2017-01-07 11:00:22,783 DEBUG [generic.multi] Calling send_event on child current
2017-01-07 11:00:22,783 DEBUG [generic.user] Calling send_event on <wflogger.collector.YamlXmlFileCollector object at 0x7fd73478b190>
2017-01-07 11:00:22,783 DEBUG [generic.multi] Calling send_event on child aggregator
2017-01-07 11:00:22,783 DEBUG [collector.buffer] Got a recent hum event, keep it in retention queue
2017-01-07 11:00:22,784 DEBUG [collector.buffer] Dumping retention queue.
2017-01-07 11:00:22,784 DEBUG [generic.multi] Calling send_event on child current
2017-01-07 11:00:22,784 DEBUG [generic.user] Calling send_event on <wflogger.collector.YamlXmlFileCollector object at 0x7fd73478b190>
2017-01-07 11:00:22,784 DEBUG [generic.multi] Calling send_event on child aggregator
2017-01-07 11:00:22,784 DEBUG [collector.buffer] Got a recent temp event, keep it in retention queue
2017-01-07 11:00:22,784 DEBUG [collector.buffer] Dumping retention queue.
2017-01-07 11:00:22,784 DEBUG [generic.multi] Calling send_event on child current
2017-01-07 11:00:22,784 DEBUG [generic.user] Calling send_event on <wflogger.collector.YamlXmlFileCollector object at 0x7fd73478b190>
2017-01-07 11:00:22,784 DEBUG [generic.multi] Calling send_event on child aggregator
2017-01-07 11:00:22,784 DEBUG [collector.buffer] Got a recent hum event, keep it in retention queue
2017-01-07 11:00:22,784 DEBUG [collector.buffer] Dumping retention queue.
2017-01-07 11:00:22,784 DEBUG [generic.multi] Calling send_event on child current
2017-01-07 11:00:22,785 DEBUG [generic.user] Calling send_event on <wflogger.collector.YamlXmlFileCollector object at 0x7fd73478b190>
2017-01-07 11:00:22,785 DEBUG [generic.multi] Calling send_event on child aggregator
2017-01-07 11:00:22,785 DEBUG [collector.buffer] Got a recent rain event, keep it in retention queue
2017-01-07 11:00:22,785 DEBUG [collector.buffer] Dumping retention queue.
2017-01-07 11:00:22,785 DEBUG [generic.multi] Calling send_event on child current
2017-01-07 11:00:22,785 DEBUG [generic.user] Calling send_event on <wflogger.collector.YamlXmlFileCollector object at 0x7fd73478b190>
2017-01-07 11:00:22,785 DEBUG [generic.multi] Calling send_event on child aggregator
2017-01-07 11:00:22,785 DEBUG [collector.buffer] Got a recent wind event, keep it in retention queue
2017-01-07 11:00:22,785 DEBUG [collector.buffer] Dumping retention queue.
2017-01-07 11:01:04,320 DEBUG [pywws.weather_station] delay 3, pause 0.5
2017-01-07 11:01:04,821 DEBUG [pywws.weather_station] avoid 5.79408693314
2017-01-07 11:01:10,776 DEBUG [pywws.weather_station] live_data new data
2017-01-07 11:01:10,776 DEBUG [wfdriver] Enqueuing: <press><value>1020.4</value></press>, Queue size: 0
2017-01-07 11:01:10,776 DEBUG [wfdriver] Enqueuing: <temp><sensor>0</sensor><value>26.2</value></temp>, Queue size: 1
2017-01-07 11:01:10,777 DEBUG [generic.service] Calling send_event on <wflogger.input.YamlFunctionInput object at 0x7fd734784ed0>
2017-01-07 11:01:10,777 DEBUG [wfdriver] Enqueuing: <hum><sensor>0</sensor><value>81</value></hum>, Queue size: 1
2017-01-07 11:01:10,777 DEBUG [wflogger] Got 'press' event. Queue size: 0
2017-01-07 11:01:10,777 DEBUG [wfdriver] Enqueuing: <temp><sensor>1</sensor><value>26.4</value></temp>, Queue size: 2
2017-01-07 11:01:10,777 DEBUG [generic.multi] Calling send_event on child current
2017-01-07 11:01:10,778 DEBUG [generic.service] Calling send_event on <wflogger.input.YamlFunctionInput object at 0x7fd734784ed0>
2017-01-07 11:01:10,778 DEBUG [wfdriver] Enqueuing: <hum><sensor>1</sensor><value>75</value></hum>, Queue size: 2
2017-01-07 11:01:10,778 DEBUG [generic.user] Calling send_event on <wflogger.collector.YamlXmlFileCollector object at 0x7fd73478b190>
2017-01-07 11:01:10,778 DEBUG [wflogger] Got 'temp' event. Queue size: 0
2017-01-07 11:01:10,778 DEBUG [wfdriver] Enqueuing: <rain><total>168.3</total><rate>0</rate></rain>, Queue size: 3
2017-01-07 11:01:10,778 DEBUG [collector.flush] Flushing
2017-01-07 11:01:10,779 DEBUG [generic.service] Calling send_event on <wflogger.input.YamlFunctionInput object at 0x7fd734784ed0>
2017-01-07 11:01:10,779 DEBUG [wfdriver] Enqueuing: <wind><mean><speed>2.4</speed><dir>180.0</dir></mean><gust><speed>3.1</speed><dir>180.0</dir></gust></wind>, Queue size: 3
2017-01-07 11:01:10,779 DEBUG [generic.user] Calling send_event on <wflogger.collector.YamlXmlFileCollector object at 0x7fd73478b190>
2017-01-07 11:01:10,779 DEBUG [wflogger] Got 'hum' event. Queue size: 1
2017-01-07 11:01:10,779 DEBUG [pywws.weather_station] delay 4, pause 41.3355
2017-01-07 11:01:10,780 DEBUG [collector.xmlfile] Flushing: <current><thInt><temp>26.2</temp><humidity>81</humidity></thInt><th1><temp>26.5</temp><humidity>75</humidity></th1><rain><rate>0</rate></rain><wind><avgSpeed>2.7</avgSpeed><dirDeg>180.0</dirDeg><gustSpeed>4.1</gustSpeed></wind><barometer><pressure>1020.4</pressure></barometer><time>2017-01-07 11:01:10</time></current> to data/wfrog-current.xml
2017-01-07 11:01:10,780 DEBUG [generic.service] Calling send_event on <wflogger.input.YamlFunctionInput object at 0x7fd734784ed0>
2017-01-07 11:01:10,780 DEBUG [wflogger] Got 'temp' event. Queue size: 2
2017-01-07 11:01:10,780 DEBUG [generic.service] Calling send_event on <wflogger.input.YamlFunctionInput object at 0x7fd734784ed0>
2017-01-07 11:01:10,780 DEBUG [wflogger] Got 'hum' event. Queue size: 3
2017-01-07 11:01:10,780 DEBUG [generic.multi] Calling send_event on child aggregator
2017-01-07 11:01:10,780 DEBUG [generic.service] Calling send_event on <wflogger.input.YamlFunctionInput object at 0x7fd734784ed0>
2017-01-07 11:01:10,781 DEBUG [collector.buffer] Got a recent press event, keep it in retention queue
2017-01-07 11:01:10,781 DEBUG [wflogger] Got 'rain' event. Queue size: 4
2017-01-07 11:01:10,781 DEBUG [collector.buffer] Dumping retention queue.
2017-01-07 11:01:10,781 DEBUG [collector.buffer] Forwarding event: *FLUSH*
2017-01-07 11:01:10,781 DEBUG [generic.service] Calling send_event on <wflogger.input.YamlFunctionInput object at 0x7fd734784ed0>
2017-01-07 11:01:10,781 DEBUG [collector.aggregator] data = {'hum': 74.0, 'rain_rate': 0.0, 'rain': 0.0, 'pressure': 1020.2, 'humint': 81.0, 'solar_rad': None, 'wind_gust_dir': 202.5, 'wind_dir': 202.5, 'wind_gust': 3.4000000000000004, 'uv_index': None, 'temp': 26.4, 'dew_point': 21.4, 'tempint': 26.2, 'wind': 2.7, 'localtime': datetime.datetime(2017, 1, 7, 10, 59, 54, 787966)}
2017-01-07 11:01:10,781 DEBUG [wflogger] Got 'wind' event. Queue size: 5
2017-01-07 11:01:10,782 INFO [collector.aggregator] New period
2017-01-07 11:01:10,782 DEBUG [collector.aggregator] Flushing sample: {'hum': 74.0, 'rain_rate': 0.0, 'rain': 0.0, 'pressure': 1020.2, 'humint': 81.0, 'solar_rad': None, 'wind_gust_dir': 202.5, 'wind_dir': 202.5, 'wind_gust': 3.4000000000000004, 'uv_index': None, 'temp': 26.4, 'dew_point': 21.4, 'tempint': 26.2, 'wind': 2.7, 'localtime': datetime.datetime(2017, 1, 7, 10, 59, 54, 787966)}
2017-01-07 11:01:10,782 DEBUG [generic.service] Calling write_sample on <wfcommon.generic.YamlIncludeElement object at 0x7fd734784ad0>
2017-01-07 11:01:10,782 DEBUG [generic.include] Calling write_sample on <wfcommon.generic.YamlUserChoiceElement object at 0x7fd73478dc50>
2017-01-07 11:01:10,782 DEBUG [generic.user] Calling write_sample on <wfcommon.storage.YamlCsvStorage object at 0x7fd734784a10>
2017-01-07 11:01:10,782 DEBUG [storage.csv] {'hum': 74.0, 'rain_rate': 0.0, 'rain': 0.0, 'pressure': 1020.2, 'humint': 81.0, 'solar_rad': None, 'wind_gust_dir': 202.5, 'wind_dir': 202.5, 'wind_gust': 3.4000000000000004, 'uv_index': None, 'temp': 26.4, 'dew_point': 21.4, 'tempint': 26.2, 'wind': 2.7, 'localtime': datetime.datetime(2017, 1, 7, 10, 59, 54, 787966)}
2017-01-07 11:01:10,782 DEBUG [storage.csv] Writing row: [1483801194, '2017-01-07 10:59:54', 26.4, 74.0, 2.7, 202.5, 3.4000000000000004, 202.5, 21.4, 0.0, 0.0, 1020.2, None]
2017-01-07 11:01:10,782 DEBUG [collector.buffer] Forwarding event: <press><value>1020.2</value><timestamp>2017-01-07 11:00:22.780520</timestamp></press>
2017-01-07 11:01:10,783 DEBUG [collector.buffer] Forwarding event: <temp><sensor>0</sensor><value>26.2</value><timestamp>2017-01-07 11:00:22.783587</timestamp></temp>
2017-01-07 11:01:10,783 DEBUG [collector.buffer] Forwarding event: <hum><sensor>0</sensor><value>81</value><timestamp>2017-01-07 11:00:22.783990</timestamp></hum>
2017-01-07 11:01:10,783 DEBUG [collector.buffer] Forwarding event: <temp><sensor>1</sensor><value>26.5</value><timestamp>2017-01-07 11:00:22.784383</timestamp></temp>
2017-01-07 11:01:10,783 DEBUG [collector.buffer] Forwarding event: <hum><sensor>1</sensor><value>75</value><timestamp>2017-01-07 11:00:22.784785</timestamp></hum>
2017-01-07 11:01:10,783 DEBUG [collector.buffer] Forwarding event: <rain><total>168.3</total><rate>0</rate><timestamp>2017-01-07 11:00:22.785183</timestamp></rain>
2017-01-07 11:01:10,783 DEBUG [collector.buffer] Forwarding event: <wind><mean><speed>2.7</speed><dir>180.0</dir></mean><gust><speed>4.1</speed><dir>180.0</dir></gust><timestamp>2017-01-07 11:00:22.785597</timestamp></wind>
2017-01-07 11:01:10,783 DEBUG [generic.multi] Calling send_event on child current
2017-01-07 11:01:10,784 DEBUG [generic.user] Calling send_event on <wflogger.collector.YamlXmlFileCollector object at 0x7fd73478b190>
2017-01-07 11:01:10,784 DEBUG [generic.multi] Calling send_event on child aggregator
2017-01-07 11:01:10,784 DEBUG [collector.buffer] Got a recent temp event, keep it in retention queue
2017-01-07 11:01:10,784 DEBUG [collector.buffer] Dumping retention queue.
2017-01-07 11:01:10,784 DEBUG [generic.multi] Calling send_event on child current
2017-01-07 11:01:10,784 DEBUG [generic.user] Calling send_event on <wflogger.collector.YamlXmlFileCollector object at 0x7fd73478b190>
2017-01-07 11:01:10,784 DEBUG [generic.multi] Calling send_event on child aggregator
2017-01-07 11:01:10,784 DEBUG [collector.buffer] Got a recent hum event, keep it in retention queue
2017-01-07 11:01:10,784 DEBUG [collector.buffer] Dumping retention queue.
2017-01-07 11:01:10,784 DEBUG [generic.multi] Calling send_event on child current
2017-01-07 11:01:10,784 DEBUG [generic.user] Calling send_event on <wflogger.collector.YamlXmlFileCollector object at 0x7fd73478b190>
2017-01-07 11:01:10,785 DEBUG [generic.multi] Calling send_event on child aggregator
2017-01-07 11:01:10,785 DEBUG [collector.buffer] Got a recent temp event, keep it in retention queue
2017-01-07 11:01:10,785 DEBUG [collector.buffer] Dumping retention queue.
2017-01-07 11:01:10,785 DEBUG [generic.multi] Calling send_event on child current
2017-01-07 11:01:10,785 DEBUG [generic.user] Calling send_event on <wflogger.collector.YamlXmlFileCollector object at 0x7fd73478b190>
2017-01-07 11:01:10,785 DEBUG [generic.multi] Calling send_event on child aggregator
2017-01-07 11:01:10,785 DEBUG [collector.buffer] Got a recent hum event, keep it in retention queue
2017-01-07 11:01:10,785 DEBUG [collector.buffer] Dumping retention queue.
2017-01-07 11:01:10,785 DEBUG [generic.multi] Calling send_event on child current
2017-01-07 11:01:10,785 DEBUG [generic.user] Calling send_event on <wflogger.collector.YamlXmlFileCollector object at 0x7fd73478b190>
2017-01-07 11:01:10,785 DEBUG [generic.multi] Calling send_event on child aggregator
2017-01-07 11:01:10,785 DEBUG [collector.buffer] Got a recent rain event, keep it in retention queue
2017-01-07 11:01:10,785 DEBUG [collector.buffer] Dumping retention queue.
2017-01-07 11:01:10,785 DEBUG [generic.multi] Calling send_event on child current
2017-01-07 11:01:10,786 DEBUG [generic.user] Calling send_event on <wflogger.collector.YamlXmlFileCollector object at 0x7fd73478b190>
2017-01-07 11:01:10,786 DEBUG [generic.multi] Calling send_event on child aggregator
2017-01-07 11:01:10,786 DEBUG [collector.buffer] Got a recent wind event, keep it in retention queue
2017-01-07 11:01:10,786 DEBUG [collector.buffer] Dumping retention queue.
2017-01-07 11:01:52,280 DEBUG [pywws.weather_station] delay 4, pause 0.5
2017-01-07 11:01:52,781 DEBUG [pywws.weather_station] avoid 5.83352804184
2017-01-07 11:01:58,621 DEBUG [pywws.weather_station] avoid 4.41052818298
2017-01-07 11:02:03,192 DEBUG [pywws.weather_station] live_data new data
2017-01-07 11:02:03,193 DEBUG [wfdriver] Enqueuing: <press><value>1020.1</value></press>, Queue size: 0
2017-01-07 11:02:03,193 DEBUG [wfdriver] Enqueuing: <temp><sensor>0</sensor><value>26.2</value></temp>, Queue size: 1
2017-01-07 11:02:03,193 DEBUG [generic.service] Calling send_event on <wflogger.input.YamlFunctionInput object at 0x7fd734784ed0>
2017-01-07 11:02:03,193 DEBUG [wfdriver] Enqueuing: <hum><sensor>0</sensor><value>81</value></hum>, Queue size: 1
2017-01-07 11:02:03,194 DEBUG [wflogger] Got 'press' event. Queue size: 0
2017-01-07 11:02:03,194 DEBUG [wfdriver] Enqueuing: <temp><sensor>1</sensor><value>26.5</value></temp>, Queue size: 2
2017-01-07 11:02:03,194 DEBUG [generic.multi] Calling send_event on child current
2017-01-07 11:02:03,194 DEBUG [generic.service] Calling send_event on <wflogger.input.YamlFunctionInput object at 0x7fd734784ed0>
2017-01-07 11:02:03,194 DEBUG [wfdriver] Enqueuing: <hum><sensor>1</sensor><value>75</value></hum>, Queue size: 2
2017-01-07 11:02:03,194 DEBUG [generic.user] Calling send_event on <wflogger.collector.YamlXmlFileCollector object at 0x7fd73478b190>
2017-01-07 11:02:03,194 DEBUG [wflogger] Got 'temp' event. Queue size: 0
2017-01-07 11:02:03,194 DEBUG [wfdriver] Enqueuing: <rain><total>168.3</total><rate>0</rate></rain>, Queue size: 3
2017-01-07 11:02:03,195 DEBUG [collector.flush] Flushing
2017-01-07 11:02:03,195 DEBUG [generic.service] Calling send_event on <wflogger.input.YamlFunctionInput object at 0x7fd734784ed0>
2017-01-07 11:02:03,195 DEBUG [wfdriver] Enqueuing: <wind><mean><speed>1.7</speed><dir>225.0</dir></mean><gust><speed>2.7</speed><dir>225.0</dir></gust></wind>, Queue size: 3
2017-01-07 11:02:03,195 DEBUG [generic.user] Calling send_event on <wflogger.collector.YamlXmlFileCollector object at 0x7fd73478b190>
2017-01-07 11:02:03,195 DEBUG [wflogger] Got 'hum' event. Queue size: 1
2017-01-07 11:02:03,195 INFO [pywws.weather_station] live_data new ptr: 0023f0
2017-01-07 11:02:03,195 DEBUG [collector.xmlfile] Flushing: <current><thInt><temp>26.2</temp><humidity>81</humidity></thInt><th1><temp>26.4</temp><humidity>75</humidity></th1><rain><rate>0</rate></rain><wind><avgSpeed>2.4</avgSpeed><dirDeg>180.0</dirDeg><gustSpeed>3.1</gustSpeed></wind><barometer><pressure>1020.1</pressure></barometer><time>2017-01-07 11:02:03</time></current> to data/wfrog-current.xml
2017-01-07 11:02:03,195 DEBUG [generic.service] Calling send_event on <wflogger.input.YamlFunctionInput object at 0x7fd734784ed0>
2017-01-07 11:02:03,196 DEBUG [pywws.weather_station] delay 0, pause 36.9193
2017-01-07 11:02:03,196 DEBUG [wflogger] Got 'temp' event. Queue size: 2
2017-01-07 11:02:03,196 DEBUG [generic.service] Calling send_event on <wflogger.input.YamlFunctionInput object at 0x7fd734784ed0>
2017-01-07 11:02:03,196 DEBUG [wflogger] Got 'hum' event. Queue size: 3
2017-01-07 11:02:03,196 DEBUG [generic.multi] Calling send_event on child aggregator
2017-01-07 11:02:03,196 DEBUG [generic.service] Calling send_event on <wflogger.input.YamlFunctionInput object at 0x7fd734784ed0>
2017-01-07 11:02:03,196 DEBUG [collector.buffer] Got a recent press event, keep it in retention queue
2017-01-07 11:02:03,196 DEBUG [wflogger] Got 'rain' event. Queue size: 4
2017-01-07 11:02:03,197 DEBUG [collector.buffer] Dumping retention queue.
2017-01-07 11:02:03,197 DEBUG [generic.service] Calling send_event on <wflogger.input.YamlFunctionInput object at 0x7fd734784ed0>
2017-01-07 11:02:03,197 DEBUG [collector.buffer] Forwarding event: *FLUSH*
2017-01-07 11:02:03,197 DEBUG [wflogger] Got 'wind' event. Queue size: 5
2017-01-07 11:02:03,197 DEBUG [collector.aggregator] data = {'hum': 75.0, 'rain_rate': 0.0, 'rain': 0.0, 'pressure': 1020.2, 'humint': 81.0, 'solar_rad': None, 'wind_gust_dir': 180.0, 'wind_dir': 180.0, 'wind_gust': 4.1000000000000005, 'uv_index': None, 'temp': 26.5, 'dew_point': 21.7, 'tempint': 26.2, 'wind': 2.7, 'localtime': datetime.datetime(2017, 1, 7, 11, 0, 42, 780520)}
2017-01-07 11:02:03,197 INFO [collector.aggregator] New period
2017-01-07 11:02:03,197 DEBUG [collector.aggregator] Flushing sample: {'hum': 75.0, 'rain_rate': 0.0, 'rain': 0.0, 'pressure': 1020.2, 'humint': 81.0, 'solar_rad': None, 'wind_gust_dir': 180.0, 'wind_dir': 180.0, 'wind_gust': 4.1000000000000005, 'uv_index': None, 'temp': 26.5, 'dew_point': 21.7, 'tempint': 26.2, 'wind': 2.7, 'localtime': datetime.datetime(2017, 1, 7, 11, 0, 42, 780520)}
2017-01-07 11:02:03,197 DEBUG [generic.service] Calling write_sample on <wfcommon.generic.YamlIncludeElement object at 0x7fd734784ad0>
2017-01-07 11:02:03,197 DEBUG [generic.include] Calling write_sample on <wfcommon.generic.YamlUserChoiceElement object at 0x7fd73478dc50>
2017-01-07 11:02:03,198 DEBUG [generic.user] Calling write_sample on <wfcommon.storage.YamlCsvStorage object at 0x7fd734784a10>
2017-01-07 11:02:03,198 DEBUG [storage.csv] {'hum': 75.0, 'rain_rate': 0.0, 'rain': 0.0, 'pressure': 1020.2, 'humint': 81.0, 'solar_rad': None, 'wind_gust_dir': 180.0, 'wind_dir': 180.0, 'wind_gust': 4.1000000000000005, 'uv_index': None, 'temp': 26.5, 'dew_point': 21.7, 'tempint': 26.2, 'wind': 2.7, 'localtime': datetime.datetime(2017, 1, 7, 11, 0, 42, 780520)}
2017-01-07 11:02:03,198 DEBUG [storage.csv] Writing row: [1483801242, '2017-01-07 11:00:42', 26.5, 75.0, 2.7, 180.0, 4.1000000000000005, 180.0, 21.7, 0.0, 0.0, 1020.2, None]
2017-01-07 11:02:03,198 DEBUG [collector.buffer] Forwarding event: <press><value>1020.4</value><timestamp>2017-01-07 11:01:10.781020</timestamp></press>
2017-01-07 11:02:03,198 DEBUG [collector.buffer] Forwarding event: <temp><sensor>0</sensor><value>26.2</value><timestamp>2017-01-07 11:01:10.784257</timestamp></temp>
2017-01-07 11:02:03,198 DEBUG [collector.buffer] Forwarding event: <hum><sensor>0</sensor><value>81</value><timestamp>2017-01-07 11:01:10.784671</timestamp></hum>
2017-01-07 11:02:03,198 DEBUG [collector.buffer] Forwarding event: <temp><sensor>1</sensor><value>26.4</value><timestamp>2017-01-07 11:01:10.785064</timestamp></temp>
2017-01-07 11:02:03,198 DEBUG [collector.buffer] Forwarding event: <hum><sensor>1</sensor><value>75</value><timestamp>2017-01-07 11:01:10.785454</timestamp></hum>
2017-01-07 11:02:03,199 DEBUG [collector.buffer] Forwarding event: <rain><total>168.3</total><rate>0</rate><timestamp>2017-01-07 11:01:10.785843</timestamp></rain>
2017-01-07 11:02:03,199 DEBUG [collector.buffer] Forwarding event: <wind><mean><speed>2.4</speed><dir>180.0</dir></mean><gust><speed>3.1</speed><dir>180.0</dir></gust><timestamp>2017-01-07 11:01:10.786256</timestamp></wind>
2017-01-07 11:02:03,199 DEBUG [generic.multi] Calling send_event on child current
2017-01-07 11:02:03,199 DEBUG [generic.user] Calling send_event on <wflogger.collector.YamlXmlFileCollector object at 0x7fd73478b190>
2017-01-07 11:02:03,199 DEBUG [generic.multi] Calling send_event on child aggregator
2017-01-07 11:02:03,199 DEBUG [collector.buffer] Got a recent temp event, keep it in retention queue
2017-01-07 11:02:03,199 DEBUG [collector.buffer] Dumping retention queue.
2017-01-07 11:02:03,199 DEBUG [generic.multi] Calling send_event on child current
2017-01-07 11:02:03,199 DEBUG [generic.user] Calling send_event on <wflogger.collector.YamlXmlFileCollector object at 0x7fd73478b190>
2017-01-07 11:02:03,199 DEBUG [generic.multi] Calling send_event on child aggregator
2017-01-07 11:02:03,200 DEBUG [collector.buffer] Got a recent hum event, keep it in retention queue
2017-01-07 11:02:03,200 DEBUG [collector.buffer] Dumping retention queue.
2017-01-07 11:02:03,200 DEBUG [generic.multi] Calling send_event on child current
2017-01-07 11:02:03,200 DEBUG [generic.user] Calling send_event on <wflogger.collector.YamlXmlFileCollector object at 0x7fd73478b190>
2017-01-07 11:02:03,200 DEBUG [generic.multi] Calling send_event on child aggregator
2017-01-07 11:02:03,200 DEBUG [collector.buffer] Got a recent temp event, keep it in retention queue
2017-01-07 11:02:03,200 DEBUG [collector.buffer] Dumping retention queue.
2017-01-07 11:02:03,200 DEBUG [generic.multi] Calling send_event on child current
2017-01-07 11:02:03,200 DEBUG [generic.user] Calling send_event on <wflogger.collector.YamlXmlFileCollector object at 0x7fd73478b190>
2017-01-07 11:02:03,200 DEBUG [generic.multi] Calling send_event on child aggregator
2017-01-07 11:02:03,201 DEBUG [collector.buffer] Got a recent hum event, keep it in retention queue
2017-01-07 11:02:03,201 DEBUG [collector.buffer] Dumping retention queue.
2017-01-07 11:02:03,201 DEBUG [generic.multi] Calling send_event on child current
2017-01-07 11:02:03,201 DEBUG [generic.user] Calling send_event on <wflogger.collector.YamlXmlFileCollector object at 0x7fd73478b190>
2017-01-07 11:02:03,201 DEBUG [generic.multi] Calling send_event on child aggregator
2017-01-07 11:02:03,201 DEBUG [collector.buffer] Got a recent rain event, keep it in retention queue
2017-01-07 11:02:03,201 DEBUG [collector.buffer] Dumping retention queue.
2017-01-07 11:02:03,201 DEBUG [generic.multi] Calling send_event on child current
2017-01-07 11:02:03,202 DEBUG [generic.user] Calling send_event on <wflogger.collector.YamlXmlFileCollector object at 0x7fd73478b190>
2017-01-07 11:02:03,202 DEBUG [generic.multi] Calling send_event on child aggregator
2017-01-07 11:02:03,202 DEBUG [collector.buffer] Got a recent wind event, keep it in retention queue
2017-01-07 11:02:03,202 DEBUG [collector.buffer] Dumping retention queue.
2017-01-07 11:02:40,313 DEBUG [pywws.weather_station] delay 0, pause 0.5
2017-01-07 11:02:40,814 DEBUG [pywws.weather_station] avoid 5.80110788345
2017-01-07 11:02:46,777 DEBUG [pywws.weather_station] live_data new data
2017-01-07 11:02:46,777 DEBUG [wfdriver] Enqueuing: <press><value>1020.1</value></press>, Queue size: 0
2017-01-07 11:02:46,777 DEBUG [wfdriver] Enqueuing: <temp><sensor>0</sensor><value>26.2</value></temp>, Queue size: 1
2017-01-07 11:02:46,778 DEBUG [generic.service] Calling send_event on <wflogger.input.YamlFunctionInput object at 0x7fd734784ed0>
2017-01-07 11:02:46,778 DEBUG [wfdriver] Enqueuing: <hum><sensor>0</sensor><value>81</value></hum>, Queue size: 1
2017-01-07 11:02:46,778 DEBUG [wflogger] Got 'press' event. Queue size: 0
2017-01-07 11:02:46,778 DEBUG [wfdriver] Enqueuing: <temp><sensor>1</sensor><value>26.5</value></temp>, Queue size: 2
2017-01-07 11:02:46,778 DEBUG [generic.multi] Calling send_event on child current
2017-01-07 11:02:46,778 DEBUG [generic.service] Calling send_event on <wflogger.input.YamlFunctionInput object at 0x7fd734784ed0>
2017-01-07 11:02:46,778 DEBUG [wfdriver] Enqueuing: <hum><sensor>1</sensor><value>76</value></hum>, Queue size: 2
2017-01-07 11:02:46,779 DEBUG [generic.user] Calling send_event on <wflogger.collector.YamlXmlFileCollector object at 0x7fd73478b190>
2017-01-07 11:02:46,779 DEBUG [wflogger] Got 'temp' event. Queue size: 0
2017-01-07 11:02:46,779 DEBUG [wfdriver] Enqueuing: <rain><total>168.3</total><rate>0</rate></rain>, Queue size: 3
2017-01-07 11:02:46,779 DEBUG [collector.flush] Flushing
2017-01-07 11:02:46,779 DEBUG [generic.service] Calling send_event on <wflogger.input.YamlFunctionInput object at 0x7fd734784ed0>
2017-01-07 11:02:46,780 DEBUG [wfdriver] Enqueuing: <wind><mean><speed>2.0</speed><dir>135.0</dir></mean><gust><speed>2.4</speed><dir>135.0</dir></gust></wind>, Queue size: 3
2017-01-07 11:02:46,780 DEBUG [generic.user] Calling send_event on <wflogger.collector.YamlXmlFileCollector object at 0x7fd73478b190>
2017-01-07 11:02:46,780 DEBUG [wflogger] Got 'hum' event. Queue size: 1
2017-01-07 11:02:46,780 DEBUG [pywws.weather_station] delay 0, pause 41.3348
2017-01-07 11:02:46,780 DEBUG [collector.xmlfile] Flushing: <current><thInt><temp>26.2</temp><humidity>81</humidity></thInt><th1><temp>26.5</temp><humidity>75</humidity></th1><rain><rate>0</rate></rain><wind><avgSpeed>1.7</avgSpeed><dirDeg>225.0</dirDeg><gustSpeed>2.7</gustSpeed></wind><barometer><pressure>1020.1</pressure></barometer><time>2017-01-07 11:02:46</time></current> to data/wfrog-current.xml
2017-01-07 11:02:46,780 DEBUG [generic.service] Calling send_event on <wflogger.input.YamlFunctionInput object at 0x7fd734784ed0>
2017-01-07 11:02:46,781 DEBUG [wflogger] Got 'temp' event. Queue size: 2
2017-01-07 11:02:46,781 DEBUG [generic.service] Calling send_event on <wflogger.input.YamlFunctionInput object at 0x7fd734784ed0>
2017-01-07 11:02:46,781 DEBUG [wflogger] Got 'hum' event. Queue size: 3
2017-01-07 11:02:46,781 DEBUG [generic.multi] Calling send_event on child aggregator
2017-01-07 11:02:46,781 DEBUG [generic.service] Calling send_event on <wflogger.input.YamlFunctionInput object at 0x7fd734784ed0>
2017-01-07 11:02:46,781 DEBUG [collector.buffer] Got a recent press event, keep it in retention queue
2017-01-07 11:02:46,781 DEBUG [wflogger] Got 'rain' event. Queue size: 4
2017-01-07 11:02:46,782 DEBUG [collector.buffer] Dumping retention queue.
2017-01-07 11:02:46,782 DEBUG [generic.service] Calling send_event on <wflogger.input.YamlFunctionInput object at 0x7fd734784ed0>
2017-01-07 11:02:46,782 DEBUG [collector.buffer] Forwarding event: *FLUSH*
2017-01-07 11:02:46,782 DEBUG [wflogger] Got 'wind' event. Queue size: 5
2017-01-07 11:02:46,782 DEBUG [collector.aggregator] data = {'hum': 75.0, 'rain_rate': 0.0, 'rain': 0.0, 'pressure': 1020.4, 'humint': 81.0, 'solar_rad': None, 'wind_gust_dir': 180.0, 'wind_dir': 180.0, 'wind_gust': 3.1, 'uv_index': None, 'temp': 26.4, 'dew_point': 21.6, 'tempint': 26.2, 'wind': 2.4, 'localtime': datetime.datetime(2017, 1, 7, 11, 1, 30, 781020)}
2017-01-07 11:02:46,783 INFO [collector.aggregator] New period
2017-01-07 11:02:46,783 DEBUG [collector.aggregator] Flushing sample: {'hum': 75.0, 'rain_rate': 0.0, 'rain': 0.0, 'pressure': 1020.4, 'humint': 81.0, 'solar_rad': None, 'wind_gust_dir': 180.0, 'wind_dir': 180.0, 'wind_gust': 3.1, 'uv_index': None, 'temp': 26.4, 'dew_point': 21.6, 'tempint': 26.2, 'wind': 2.4, 'localtime': datetime.datetime(2017, 1, 7, 11, 1, 30, 781020)}
2017-01-07 11:02:46,783 DEBUG [generic.service] Calling write_sample on <wfcommon.generic.YamlIncludeElement object at 0x7fd734784ad0>
2017-01-07 11:02:46,783 DEBUG [generic.include] Calling write_sample on <wfcommon.generic.YamlUserChoiceElement object at 0x7fd73478dc50>
2017-01-07 11:02:46,783 DEBUG [generic.user] Calling write_sample on <wfcommon.storage.YamlCsvStorage object at 0x7fd734784a10>
2017-01-07 11:02:46,783 DEBUG [storage.csv] {'hum': 75.0, 'rain_rate': 0.0, 'rain': 0.0, 'pressure': 1020.4, 'humint': 81.0, 'solar_rad': None, 'wind_gust_dir': 180.0, 'wind_dir': 180.0, 'wind_gust': 3.1, 'uv_index': None, 'temp': 26.4, 'dew_point': 21.6, 'tempint': 26.2, 'wind': 2.4, 'localtime': datetime.datetime(2017, 1, 7, 11, 1, 30, 781020)}
2017-01-07 11:02:46,783 DEBUG [storage.csv] Writing row: [1483801290, '2017-01-07 11:01:30', 26.4, 75.0, 2.4, 180.0, 3.1, 180.0, 21.6, 0.0, 0.0, 1020.4, None]
2017-01-07 11:02:46,784 DEBUG [collector.buffer] Forwarding event: <press><value>1020.1</value><timestamp>2017-01-07 11:02:03.196858</timestamp></press>
2017-01-07 11:02:46,784 DEBUG [collector.buffer] Forwarding event: <temp><sensor>0</sensor><value>26.2</value><timestamp>2017-01-07 11:02:03.199603</timestamp></temp>
2017-01-07 11:02:46,784 DEBUG [collector.buffer] Forwarding event: <hum><sensor>0</sensor><value>81</value><timestamp>2017-01-07 11:02:03.200056</timestamp></hum>
2017-01-07 11:02:46,784 DEBUG [collector.buffer] Forwarding event: <temp><sensor>1</sensor><value>26.5</value><timestamp>2017-01-07 11:02:03.200496</timestamp></temp>
2017-01-07 11:02:46,784 DEBUG [collector.buffer] Forwarding event: <hum><sensor>1</sensor><value>75</value><timestamp>2017-01-07 11:02:03.201058</timestamp></hum>
2017-01-07 11:02:46,784 DEBUG [collector.buffer] Forwarding event: <rain><total>168.3</total><rate>0</rate><timestamp>2017-01-07 11:02:03.201759</timestamp></rain>
2017-01-07 11:02:46,784 DEBUG [collector.buffer] Forwarding event: <wind><mean><speed>1.7</speed><dir>225.0</dir></mean><gust><speed>2.7</speed><dir>225.0</dir></gust><timestamp>2017-01-07 11:02:03.202349</timestamp></wind>
2017-01-07 11:02:46,785 DEBUG [generic.multi] Calling send_event on child current
2017-01-07 11:02:46,785 DEBUG [generic.user] Calling send_event on <wflogger.collector.YamlXmlFileCollector object at 0x7fd73478b190>
2017-01-07 11:02:46,785 DEBUG [generic.multi] Calling send_event on child aggregator
2017-01-07 11:02:46,785 DEBUG [collector.buffer] Got a recent temp event, keep it in retention queue
2017-01-07 11:02:46,785 DEBUG [collector.buffer] Dumping retention queue.
2017-01-07 11:02:46,785 DEBUG [generic.multi] Calling send_event on child current
2017-01-07 11:02:46,785 DEBUG [generic.user] Calling send_event on <wflogger.collector.YamlXmlFileCollector object at 0x7fd73478b190>
2017-01-07 11:02:46,785 DEBUG [generic.multi] Calling send_event on child aggregator
2017-01-07 11:02:46,785 DEBUG [collector.buffer] Got a recent hum event, keep it in retention queue
2017-01-07 11:02:46,786 DEBUG [collector.buffer] Dumping retention queue.
2017-01-07 11:02:46,786 DEBUG [generic.multi] Calling send_event on child current
2017-01-07 11:02:46,786 DEBUG [generic.user] Calling send_event on <wflogger.collector.YamlXmlFileCollector object at 0x7fd73478b190>
2017-01-07 11:02:46,786 DEBUG [generic.multi] Calling send_event on child aggregator
2017-01-07 11:02:46,786 DEBUG [collector.buffer] Got a recent temp event, keep it in retention queue
2017-01-07 11:02:46,786 DEBUG [collector.buffer] Dumping retention queue.
2017-01-07 11:02:46,786 DEBUG [generic.multi] Calling send_event on child current
2017-01-07 11:02:46,786 DEBUG [generic.user] Calling send_event on <wflogger.collector.YamlXmlFileCollector object at 0x7fd73478b190>
2017-01-07 11:02:46,786 DEBUG [generic.multi] Calling send_event on child aggregator
2017-01-07 11:02:46,786 DEBUG [collector.buffer] Got a recent hum event, keep it in retention queue
2017-01-07 11:02:46,786 DEBUG [collector.buffer] Dumping retention queue.
2017-01-07 11:02:46,787 DEBUG [generic.multi] Calling send_event on child current
2017-01-07 11:02:46,787 DEBUG [generic.user] Calling send_event on <wflogger.collector.YamlXmlFileCollector object at 0x7fd73478b190>
2017-01-07 11:02:46,787 DEBUG [generic.multi] Calling send_event on child aggregator
2017-01-07 11:02:46,787 DEBUG [collector.buffer] Got a recent rain event, keep it in retention queue
2017-01-07 11:02:46,787 DEBUG [collector.buffer] Dumping retention queue.
2017-01-07 11:02:46,787 DEBUG [generic.multi] Calling send_event on child current
2017-01-07 11:02:46,787 DEBUG [generic.user] Calling send_event on <wflogger.collector.YamlXmlFileCollector object at 0x7fd73478b190>
2017-01-07 11:02:46,787 DEBUG [generic.multi] Calling send_event on child aggregator
2017-01-07 11:02:46,787 DEBUG [collector.buffer] Got a recent wind event, keep it in retention queue
2017-01-07 11:02:46,787 DEBUG [collector.buffer] Dumping retention queue.
2017-01-07 11:03:28,305 DEBUG [pywws.weather_station] delay 0, pause 0.5
2017-01-07 11:03:28,806 DEBUG [pywws.weather_station] avoid 5.80876588821
2017-01-07 11:03:34,785 DEBUG [pywws.weather_station] live_data new data
2017-01-07 11:03:34,786 DEBUG [wfdriver] Enqueuing: <press><value>1020.3</value></press>, Queue size: 0
2017-01-07 11:03:34,786 DEBUG [wfdriver] Enqueuing: <temp><sensor>0</sensor><value>26.2</value></temp>, Queue size: 1
2017-01-07 11:03:34,786 DEBUG [generic.service] Calling send_event on <wflogger.input.YamlFunctionInput object at 0x7fd734784ed0>
2017-01-07 11:03:34,786 DEBUG [wfdriver] Enqueuing: <hum><sensor>0</sensor><value>81</value></hum>, Queue size: 1
2017-01-07 11:03:34,786 DEBUG [wflogger] Got 'press' event. Queue size: 0
2017-01-07 11:03:34,787 DEBUG [wfdriver] Enqueuing: <temp><sensor>1</sensor><value>26.6</value></temp>, Queue size: 2
2017-01-07 11:03:34,787 DEBUG [generic.service] Calling send_event on <wflogger.input.YamlFunctionInput object at 0x7fd734784ed0>
2017-01-07 11:03:34,787 DEBUG [generic.multi] Calling send_event on child current
2017-01-07 11:03:34,787 DEBUG [wfdriver] Enqueuing: <hum><sensor>1</sensor><value>76</value></hum>, Queue size: 2
2017-01-07 11:03:34,787 DEBUG [wflogger] Got 'temp' event. Queue size: 0
2017-01-07 11:03:34,787 DEBUG [generic.user] Calling send_event on <wflogger.collector.YamlXmlFileCollector object at 0x7fd73478b190>
2017-01-07 11:03:34,787 DEBUG [wfdriver] Enqueuing: <rain><total>168.3</total><rate>0</rate></rain>, Queue size: 3
2017-01-07 11:03:34,788 DEBUG [generic.service] Calling send_event on <wflogger.input.YamlFunctionInput object at 0x7fd734784ed0>
2017-01-07 11:03:34,788 DEBUG [collector.flush] Flushing
2017-01-07 11:03:34,788 DEBUG [wfdriver] Enqueuing: <wind><mean><speed>1.7</speed><dir>202.5</dir></mean><gust><speed>2.7</speed><dir>202.5</dir></gust></wind>, Queue size: 3
2017-01-07 11:03:34,788 DEBUG [wflogger] Got 'hum' event. Queue size: 1
2017-01-07 11:03:34,788 DEBUG [generic.user] Calling send_event on <wflogger.collector.YamlXmlFileCollector object at 0x7fd73478b190>
2017-01-07 11:03:34,789 DEBUG [pywws.weather_station] delay 1, pause 41.3262
2017-01-07 11:03:34,789 DEBUG [generic.service] Calling send_event on <wflogger.input.YamlFunctionInput object at 0x7fd734784ed0>
2017-01-07 11:03:34,789 DEBUG [collector.xmlfile] Flushing: <current><thInt><temp>26.2</temp><humidity>81</humidity></thInt><th1><temp>26.5</temp><humidity>76</humidity></th1><rain><rate>0</rate></rain><wind><avgSpeed>2.0</avgSpeed><dirDeg>135.0</dirDeg><gustSpeed>2.4</gustSpeed></wind><barometer><pressure>1020.3</pressure></barometer><time>2017-01-07 11:03:34</time></current> to data/wfrog-current.xml
2017-01-07 11:03:34,789 DEBUG [wflogger] Got 'temp' event. Queue size: 2
2017-01-07 11:03:34,789 DEBUG [generic.service] Calling send_event on <wflogger.input.YamlFunctionInput object at 0x7fd734784ed0>
2017-01-07 11:03:34,790 DEBUG [wflogger] Got 'hum' event. Queue size: 3
2017-01-07 11:03:34,790 DEBUG [generic.multi] Calling send_event on child aggregator
2017-01-07 11:03:34,790 DEBUG [generic.service] Calling send_event on <wflogger.input.YamlFunctionInput object at 0x7fd734784ed0>
2017-01-07 11:03:34,790 DEBUG [collector.buffer] Got a recent press event, keep it in retention queue
2017-01-07 11:03:34,790 DEBUG [wflogger] Got 'rain' event. Queue size: 4
2017-01-07 11:03:34,790 DEBUG [collector.buffer] Dumping retention queue.
2017-01-07 11:03:34,790 DEBUG [generic.service] Calling send_event on <wflogger.input.YamlFunctionInput object at 0x7fd734784ed0>
2017-01-07 11:03:34,791 DEBUG [collector.buffer] Forwarding event: *FLUSH*
2017-01-07 11:03:34,791 DEBUG [wflogger] Got 'wind' event. Queue size: 5
2017-01-07 11:03:34,791 DEBUG [collector.aggregator] data = {'hum': 75.0, 'rain_rate': 0.0, 'rain': 0.0, 'pressure': 1020.1, 'humint': 81.0, 'solar_rad': None, 'wind_gust_dir': 225.0, 'wind_dir': 225.0, 'wind_gust': 2.7, 'uv_index': None, 'temp': 26.5, 'dew_point': 21.7, 'tempint': 26.2, 'wind': 1.7, 'localtime': datetime.datetime(2017, 1, 7, 11, 2, 23, 196858)}
2017-01-07 11:03:34,791 INFO [collector.aggregator] New period
2017-01-07 11:03:34,791 DEBUG [collector.aggregator] Flushing sample: {'hum': 75.0, 'rain_rate': 0.0, 'rain': 0.0, 'pressure': 1020.1, 'humint': 81.0, 'solar_rad': None, 'wind_gust_dir': 225.0, 'wind_dir': 225.0, 'wind_gust': 2.7, 'uv_index': None, 'temp': 26.5, 'dew_point': 21.7, 'tempint': 26.2, 'wind': 1.7, 'localtime': datetime.datetime(2017, 1, 7, 11, 2, 23, 196858)}
2017-01-07 11:03:34,791 DEBUG [generic.service] Calling write_sample on <wfcommon.generic.YamlIncludeElement object at 0x7fd734784ad0>
2017-01-07 11:03:34,792 DEBUG [generic.include] Calling write_sample on <wfcommon.generic.YamlUserChoiceElement object at 0x7fd73478dc50>
2017-01-07 11:03:34,792 DEBUG [generic.user] Calling write_sample on <wfcommon.storage.YamlCsvStorage object at 0x7fd734784a10>
2017-01-07 11:03:34,792 DEBUG [storage.csv] {'hum': 75.0, 'rain_rate': 0.0, 'rain': 0.0, 'pressure': 1020.1, 'humint': 81.0, 'solar_rad': None, 'wind_gust_dir': 225.0, 'wind_dir': 225.0, 'wind_gust': 2.7, 'uv_index': None, 'temp': 26.5, 'dew_point': 21.7, 'tempint': 26.2, 'wind': 1.7, 'localtime': datetime.datetime(2017, 1, 7, 11, 2, 23, 196858)}
2017-01-07 11:03:34,792 DEBUG [storage.csv] Writing row: [1483801343, '2017-01-07 11:02:23', 26.5, 75.0, 1.7, 225.0, 2.7, 225.0, 21.7, 0.0, 0.0, 1020.1, None]
2017-01-07 11:03:34,792 DEBUG [collector.buffer] Forwarding event: <press><value>1020.1</value><timestamp>2017-01-07 11:02:46.781796</timestamp></press>
2017-01-07 11:03:34,792 DEBUG [collector.buffer] Forwarding event: <temp><sensor>0</sensor><value>26.2</value><timestamp>2017-01-07 11:02:46.785412</timestamp></temp>
2017-01-07 11:03:34,792 DEBUG [collector.buffer] Forwarding event: <hum><sensor>0</sensor><value>81</value><timestamp>2017-01-07 11:02:46.785938</timestamp></hum>
2017-01-07 11:03:34,793 DEBUG [collector.buffer] Forwarding event: <temp><sensor>1</sensor><value>26.5</value><timestamp>2017-01-07 11:02:46.786485</timestamp></temp>
2017-01-07 11:03:34,793 DEBUG [collector.buffer] Forwarding event: <hum><sensor>1</sensor><value>76</value><timestamp>2017-01-07 11:02:46.786911</timestamp></hum>
2017-01-07 11:03:34,793 DEBUG [collector.buffer] Forwarding event: <rain><total>168.3</total><rate>0</rate><timestamp>2017-01-07 11:02:46.787303</timestamp></rain>
2017-01-07 11:03:34,793 DEBUG [collector.buffer] Forwarding event: <wind><mean><speed>2.0</speed><dir>135.0</dir></mean><gust><speed>2.4</speed><dir>135.0</dir></gust><timestamp>2017-01-07 11:02:46.787713</timestamp></wind>
2017-01-07 11:03:34,793 DEBUG [generic.multi] Calling send_event on child current
2017-01-07 11:03:34,793 DEBUG [generic.user] Calling send_event on <wflogger.collector.YamlXmlFileCollector object at 0x7fd73478b190>
2017-01-07 11:03:34,793 DEBUG [generic.multi] Calling send_event on child aggregator
2017-01-07 11:03:34,794 DEBUG [collector.buffer] Got a recent temp event, keep it in retention queue
2017-01-07 11:03:34,794 DEBUG [collector.buffer] Dumping retention queue.
2017-01-07 11:03:34,794 DEBUG [generic.multi] Calling send_event on child current
2017-01-07 11:03:34,794 DEBUG [generic.user] Calling send_event on <wflogger.collector.YamlXmlFileCollector object at 0x7fd73478b190>
2017-01-07 11:03:34,794 DEBUG [generic.multi] Calling send_event on child aggregator
2017-01-07 11:03:34,794 DEBUG [collector.buffer] Got a recent hum event, keep it in retention queue
2017-01-07 11:03:34,794 DEBUG [collector.buffer] Dumping retention queue.
2017-01-07 11:03:34,794 DEBUG [generic.multi] Calling send_event on child current
2017-01-07 11:03:34,794 DEBUG [generic.user] Calling send_event on <wflogger.collector.YamlXmlFileCollector object at 0x7fd73478b190>
2017-01-07 11:03:34,794 DEBUG [generic.multi] Calling send_event on child aggregator
2017-01-07 11:03:34,795 DEBUG [collector.buffer] Got a recent temp event, keep it in retention queue
2017-01-07 11:03:34,795 DEBUG [collector.buffer] Dumping retention queue.
2017-01-07 11:03:34,795 DEBUG [generic.multi] Calling send_event on child current
2017-01-07 11:03:34,795 DEBUG [generic.user] Calling send_event on <wflogger.collector.YamlXmlFileCollector object at 0x7fd73478b190>
2017-01-07 11:03:34,795 DEBUG [generic.multi] Calling send_event on child aggregator
2017-01-07 11:03:34,795 DEBUG [collector.buffer] Got a recent hum event, keep it in retention queue
2017-01-07 11:03:34,795 DEBUG [collector.buffer] Dumping retention queue.
2017-01-07 11:03:34,795 DEBUG [generic.multi] Calling send_event on child current
2017-01-07 11:03:34,795 DEBUG [generic.user] Calling send_event on <wflogger.collector.YamlXmlFileCollector object at 0x7fd73478b190>
2017-01-07 11:03:34,795 DEBUG [generic.multi] Calling send_event on child aggregator
2017-01-07 11:03:34,795 DEBUG [collector.buffer] Got a recent rain event, keep it in retention queue
2017-01-07 11:03:34,795 DEBUG [collector.buffer] Dumping retention queue.
2017-01-07 11:03:34,795 DEBUG [generic.multi] Calling send_event on child current
2017-01-07 11:03:34,796 DEBUG [generic.user] Calling send_event on <wflogger.collector.YamlXmlFileCollector object at 0x7fd73478b190>
2017-01-07 11:03:34,796 DEBUG [generic.multi] Calling send_event on child aggregator
2017-01-07 11:03:34,796 DEBUG [collector.buffer] Got a recent wind event, keep it in retention queue
2017-01-07 11:03:34,796 DEBUG [collector.buffer] Dumping retention queue.
2017-01-07 11:04:16,314 DEBUG [pywws.weather_station] delay 1, pause 0.5
2017-01-07 11:04:16,815 DEBUG [pywws.weather_station] avoid 5.80027985573
2017-01-07 11:04:22,786 DEBUG [pywws.weather_station] live_data new data
2017-01-07 11:04:22,786 DEBUG [wfdriver] Enqueuing: <press><value>1020.2</value></press>, Queue size: 0
2017-01-07 11:04:22,786 DEBUG [wfdriver] Enqueuing: <temp><sensor>0</sensor><value>26.2</value></temp>, Queue size: 1
2017-01-07 11:04:22,786 DEBUG [generic.service] Calling send_event on <wflogger.input.YamlFunctionInput object at 0x7fd734784ed0>
2017-01-07 11:04:22,787 DEBUG [wfdriver] Enqueuing: <hum><sensor>0</sensor><value>81</value></hum>, Queue size: 1
2017-01-07 11:04:22,787 DEBUG [wflogger] Got 'press' event. Queue size: 0
2017-01-07 11:04:22,787 DEBUG [wfdriver] Enqueuing: <temp><sensor>1</sensor><value>26.6</value></temp>, Queue size: 2
2017-01-07 11:04:22,787 DEBUG [generic.service] Calling send_event on <wflogger.input.YamlFunctionInput object at 0x7fd734784ed0>
2017-01-07 11:04:22,787 DEBUG [generic.multi] Calling send_event on child current
2017-01-07 11:04:22,787 DEBUG [wfdriver] Enqueuing: <hum><sensor>1</sensor><value>76</value></hum>, Queue size: 2
2017-01-07 11:04:22,788 DEBUG [wflogger] Got 'temp' event. Queue size: 0
2017-01-07 11:04:22,788 DEBUG [generic.user] Calling send_event on <wflogger.collector.YamlXmlFileCollector object at 0x7fd73478b190>
2017-01-07 11:04:22,788 DEBUG [wfdriver] Enqueuing: <rain><total>168.3</total><rate>0</rate></rain>, Queue size: 3
2017-01-07 11:04:22,788 DEBUG [generic.service] Calling send_event on <wflogger.input.YamlFunctionInput object at 0x7fd734784ed0>
2017-01-07 11:04:22,788 DEBUG [collector.flush] Flushing
2017-01-07 11:04:22,788 DEBUG [wfdriver] Enqueuing: <wind><mean><speed>1.7</speed><dir>135.0</dir></mean><gust><speed>2.4</speed><dir>135.0</dir></gust></wind>, Queue size: 3
2017-01-07 11:04:22,789 DEBUG [wflogger] Got 'hum' event. Queue size: 1
2017-01-07 11:04:22,789 DEBUG [generic.user] Calling send_event on <wflogger.collector.YamlXmlFileCollector object at 0x7fd73478b190>
2017-01-07 11:04:22,789 DEBUG [pywws.weather_station] delay 2, pause 41.3258
2017-01-07 11:04:22,789 DEBUG [generic.service] Calling send_event on <wflogger.input.YamlFunctionInput object at 0x7fd734784ed0>
2017-01-07 11:04:22,789 DEBUG [collector.xmlfile] Flushing: <current><thInt><temp>26.2</temp><humidity>81</humidity></thInt><th1><temp>26.6</temp><humidity>76</humidity></th1><rain><rate>0</rate></rain><wind><avgSpeed>1.7</avgSpeed><dirDeg>202.5</dirDeg><gustSpeed>2.7</gustSpeed></wind><barometer><pressure>1020.2</pressure></barometer><time>2017-01-07 11:04:22</time></current> to data/wfrog-current.xml
2017-01-07 11:04:22,790 DEBUG [wflogger] Got 'temp' event. Queue size: 2
2017-01-07 11:04:22,790 DEBUG [generic.service] Calling send_event on <wflogger.input.YamlFunctionInput object at 0x7fd734784ed0>
2017-01-07 11:04:22,790 DEBUG [wflogger] Got 'hum' event. Queue size: 3
2017-01-07 11:04:22,790 DEBUG [generic.service] Calling send_event on <wflogger.input.YamlFunctionInput object at 0x7fd734784ed0>
2017-01-07 11:04:22,790 DEBUG [wflogger] Got 'rain' event. Queue size: 4
2017-01-07 11:04:22,790 DEBUG [generic.multi] Calling send_event on child aggregator
2017-01-07 11:04:22,790 DEBUG [generic.service] Calling send_event on <wflogger.input.YamlFunctionInput object at 0x7fd734784ed0>
2017-01-07 11:04:22,790 DEBUG [collector.buffer] Got a recent press event, keep it in retention queue
2017-01-07 11:04:22,791 DEBUG [wflogger] Got 'wind' event. Queue size: 5
2017-01-07 11:04:22,791 DEBUG [collector.buffer] Dumping retention queue.
2017-01-07 11:04:22,791 DEBUG [collector.buffer] Forwarding event: *FLUSH*
2017-01-07 11:04:22,791 DEBUG [collector.aggregator] data = {'hum': 76.0, 'rain_rate': 0.0, 'rain': 0.0, 'pressure': 1020.1, 'humint': 81.0, 'solar_rad': None, 'wind_gust_dir': 135.0, 'wind_dir': 135.0, 'wind_gust': 2.4000000000000004, 'uv_index': None, 'temp': 26.5, 'dew_point': 21.9, 'tempint': 26.2, 'wind': 2.0, 'localtime': datetime.datetime(2017, 1, 7, 11, 3, 6, 781796)}
2017-01-07 11:04:22,791 INFO [collector.aggregator] New period
2017-01-07 11:04:22,791 DEBUG [collector.aggregator] Flushing sample: {'hum': 76.0, 'rain_rate': 0.0, 'rain': 0.0, 'pressure': 1020.1, 'humint': 81.0, 'solar_rad': None, 'wind_gust_dir': 135.0, 'wind_dir': 135.0, 'wind_gust': 2.4000000000000004, 'uv_index': None, 'temp': 26.5, 'dew_point': 21.9, 'tempint': 26.2, 'wind': 2.0, 'localtime': datetime.datetime(2017, 1, 7, 11, 3, 6, 781796)}
2017-01-07 11:04:22,791 DEBUG [generic.service] Calling write_sample on <wfcommon.generic.YamlIncludeElement object at 0x7fd734784ad0>
2017-01-07 11:04:22,792 DEBUG [generic.include] Calling write_sample on <wfcommon.generic.YamlUserChoiceElement object at 0x7fd73478dc50>
2017-01-07 11:04:22,792 DEBUG [generic.user] Calling write_sample on <wfcommon.storage.YamlCsvStorage object at 0x7fd734784a10>
2017-01-07 11:04:22,792 DEBUG [storage.csv] {'hum': 76.0, 'rain_rate': 0.0, 'rain': 0.0, 'pressure': 1020.1, 'humint': 81.0, 'solar_rad': None, 'wind_gust_dir': 135.0, 'wind_dir': 135.0, 'wind_gust': 2.4000000000000004, 'uv_index': None, 'temp': 26.5, 'dew_point': 21.9, 'tempint': 26.2, 'wind': 2.0, 'localtime': datetime.datetime(2017, 1, 7, 11, 3, 6, 781796)}
2017-01-07 11:04:22,792 DEBUG [storage.csv] Writing row: [1483801386, '2017-01-07 11:03:06', 26.5, 76.0, 2.0, 135.0, 2.4000000000000004, 135.0, 21.9, 0.0, 0.0, 1020.1, None]
2017-01-07 11:04:22,792 DEBUG [collector.buffer] Forwarding event: <press><value>1020.3</value><timestamp>2017-01-07 11:03:34.790455</timestamp></press>
2017-01-07 11:04:22,792 DEBUG [collector.buffer] Forwarding event: <temp><sensor>0</sensor><value>26.2</value><timestamp>2017-01-07 11:03:34.794042</timestamp></temp>
2017-01-07 11:04:22,792 DEBUG [collector.buffer] Forwarding event: <hum><sensor>0</sensor><value>81</value><timestamp>2017-01-07 11:03:34.794591</timestamp></hum>
2017-01-07 11:04:22,793 DEBUG [collector.buffer] Forwarding event: <temp><sensor>1</sensor><value>26.6</value><timestamp>2017-01-07 11:03:34.795027</timestamp></temp>
2017-01-07 11:04:22,793 DEBUG [collector.buffer] Forwarding event: <hum><sensor>1</sensor><value>76</value><timestamp>2017-01-07 11:03:34.795439</timestamp></hum>
2017-01-07 11:04:22,793 DEBUG [collector.buffer] Forwarding event: <rain><total>168.3</total><rate>0</rate><timestamp>2017-01-07 11:03:34.795843</timestamp></rain>
2017-01-07 11:04:22,793 DEBUG [collector.buffer] Forwarding event: <wind><mean><speed>1.7</speed><dir>202.5</dir></mean><gust><speed>2.7</speed><dir>202.5</dir></gust><timestamp>2017-01-07 11:03:34.796272</timestamp></wind>
2017-01-07 11:04:22,793 DEBUG [generic.multi] Calling send_event on child current
2017-01-07 11:04:22,793 DEBUG [generic.user] Calling send_event on <wflogger.collector.YamlXmlFileCollector object at 0x7fd73478b190>
2017-01-07 11:04:22,793 DEBUG [generic.multi] Calling send_event on child aggregator
2017-01-07 11:04:22,794 DEBUG [collector.buffer] Got a recent temp event, keep it in retention queue
2017-01-07 11:04:22,794 DEBUG [collector.buffer] Dumping retention queue.
2017-01-07 11:04:22,794 DEBUG [generic.multi] Calling send_event on child current
2017-01-07 11:04:22,794 DEBUG [generic.user] Calling send_event on <wflogger.collector.YamlXmlFileCollector object at 0x7fd73478b190>
2017-01-07 11:04:22,794 DEBUG [generic.multi] Calling send_event on child aggregator
2017-01-07 11:04:22,794 DEBUG [collector.buffer] Got a recent hum event, keep it in retention queue
2017-01-07 11:04:22,794 DEBUG [collector.buffer] Dumping retention queue.
2017-01-07 11:04:22,794 DEBUG [generic.multi] Calling send_event on child current
2017-01-07 11:04:22,794 DEBUG [generic.user] Calling send_event on <wflogger.collector.YamlXmlFileCollector object at 0x7fd73478b190>
2017-01-07 11:04:22,795 DEBUG [generic.multi] Calling send_event on child aggregator
2017-01-07 11:04:22,795 DEBUG [collector.buffer] Got a recent temp event, keep it in retention queue
2017-01-07 11:04:22,795 DEBUG [collector.buffer] Dumping retention queue.
2017-01-07 11:04:22,795 DEBUG [generic.multi] Calling send_event on child current
2017-01-07 11:04:22,795 DEBUG [generic.user] Calling send_event on <wflogger.collector.YamlXmlFileCollector object at 0x7fd73478b190>
2017-01-07 11:04:22,795 DEBUG [generic.multi] Calling send_event on child aggregator
2017-01-07 11:04:22,795 DEBUG [collector.buffer] Got a recent hum event, keep it in retention queue
2017-01-07 11:04:22,795 DEBUG [collector.buffer] Dumping retention queue.
2017-01-07 11:04:22,795 DEBUG [generic.multi] Calling send_event on child current
2017-01-07 11:04:22,795 DEBUG [generic.user] Calling send_event on <wflogger.collector.YamlXmlFileCollector object at 0x7fd73478b190>
2017-01-07 11:04:22,796 DEBUG [generic.multi] Calling send_event on child aggregator
2017-01-07 11:04:22,796 DEBUG [collector.buffer] Got a recent rain event, keep it in retention queue
2017-01-07 11:04:22,796 DEBUG [collector.buffer] Dumping retention queue.
2017-01-07 11:04:22,796 DEBUG [generic.multi] Calling send_event on child current
2017-01-07 11:04:22,796 DEBUG [generic.user] Calling send_event on <wflogger.collector.YamlXmlFileCollector object at 0x7fd73478b190>
2017-01-07 11:04:22,796 DEBUG [generic.multi] Calling send_event on child aggregator
2017-01-07 11:04:22,796 DEBUG [collector.buffer] Got a recent wind event, keep it in retention queue
2017-01-07 11:04:22,796 DEBUG [collector.buffer] Dumping retention queue.
2017-01-07 11:05:04,314 DEBUG [pywws.weather_station] delay 2, pause 0.5
2017-01-07 11:05:04,815 DEBUG [pywws.weather_station] avoid 5.7997879982
2017-01-07 11:05:10,786 DEBUG [pywws.weather_station] delay 3, pause 0.5
2017-01-07 11:05:11,450 DEBUG [pywws.weather_station] delay 3, pause 0.5
2017-01-07 11:05:12,114 DEBUG [pywws.weather_station] delay 3, pause 0.5
2017-01-07 11:05:12,778 DEBUG [pywws.weather_station] delay 3, pause 0.5
2017-01-07 11:05:13,442 DEBUG [pywws.weather_station] delay 3, pause 0.5
2017-01-07 11:05:14,106 INFO [pywws.weather_station] live_data missed
2017-01-07 11:05:14,107 DEBUG [pywws.weather_station] delay 3, pause 38.0083
2017-01-07 11:05:52,315 DEBUG [pywws.weather_station] delay 3, pause 0.5
2017-01-07 11:05:52,816 DEBUG [pywws.weather_station] avoid 5.79929089546
2017-01-07 11:05:58,621 DEBUG [pywws.weather_station] avoid 4.41058516502
2017-01-07 11:06:03,195 DEBUG [pywws.weather_station] live_data new data
2017-01-07 11:06:03,195 DEBUG [wfdriver] Enqueuing: <press><value>1020.1</value></press>, Queue size: 0
2017-01-07 11:06:03,195 DEBUG [wfdriver] Enqueuing: <temp><sensor>0</sensor><value>26.2</value></temp>, Queue size: 1
2017-01-07 11:06:03,195 DEBUG [generic.service] Calling send_event on <wflogger.input.YamlFunctionInput object at 0x7fd734784ed0>
2017-01-07 11:06:03,196 DEBUG [wfdriver] Enqueuing: <hum><sensor>0</sensor><value>81</value></hum>, Queue size: 1
2017-01-07 11:06:03,196 DEBUG [wflogger] Got 'press' event. Queue size: 0
2017-01-07 11:06:03,196 DEBUG [wfdriver] Enqueuing: <temp><sensor>1</sensor><value>26.6</value></temp>, Queue size: 2
2017-01-07 11:06:03,196 DEBUG [generic.service] Calling send_event on <wflogger.input.YamlFunctionInput object at 0x7fd734784ed0>
2017-01-07 11:06:03,196 DEBUG [generic.multi] Calling send_event on child current
2017-01-07 11:06:03,196 DEBUG [wfdriver] Enqueuing: <hum><sensor>1</sensor><value>75</value></hum>, Queue size: 2
2017-01-07 11:06:03,197 DEBUG [wflogger] Got 'temp' event. Queue size: 0
2017-01-07 11:06:03,197 DEBUG [generic.user] Calling send_event on <wflogger.collector.YamlXmlFileCollector object at 0x7fd73478b190>
2017-01-07 11:06:03,197 DEBUG [wfdriver] Enqueuing: <rain><total>168.3</total><rate>0</rate></rain>, Queue size: 3
2017-01-07 11:06:03,197 DEBUG [collector.flush] Flushing
2017-01-07 11:06:03,198 DEBUG [generic.service] Calling send_event on <wflogger.input.YamlFunctionInput object at 0x7fd734784ed0>
2017-01-07 11:06:03,198 DEBUG [wfdriver] Enqueuing: <wind><mean><speed>1.0</speed><dir>90.0</dir></mean><gust><speed>2.0</speed><dir>90.0</dir></gust></wind>, Queue size: 3
2017-01-07 11:06:03,198 DEBUG [generic.user] Calling send_event on <wflogger.collector.YamlXmlFileCollector object at 0x7fd73478b190>
2017-01-07 11:06:03,198 DEBUG [wflogger] Got 'hum' event. Queue size: 1
2017-01-07 11:06:03,198 DEBUG [pywws.weather_station] delay 3, pause 36.9167
2017-01-07 11:06:03,198 DEBUG [collector.xmlfile] Flushing: <current><thInt><temp>26.2</temp><humidity>81</humidity></thInt><th1><temp>26.6</temp><humidity>76</humidity></th1><rain><rate>0</rate></rain><wind><avgSpeed>1.7</avgSpeed><dirDeg>135.0</dirDeg><gustSpeed>2.4</gustSpeed></wind><barometer><pressure>1020.1</pressure></barometer><time>2017-01-07 11:06:03</time></current> to data/wfrog-current.xml
2017-01-07 11:06:03,199 DEBUG [generic.service] Calling send_event on <wflogger.input.YamlFunctionInput object at 0x7fd734784ed0>
2017-01-07 11:06:03,199 DEBUG [wflogger] Got 'temp' event. Queue size: 2
2017-01-07 11:06:03,199 DEBUG [generic.service] Calling send_event on <wflogger.input.YamlFunctionInput object at 0x7fd734784ed0>
2017-01-07 11:06:03,199 DEBUG [wflogger] Got 'hum' event. Queue size: 3
2017-01-07 11:06:03,199 DEBUG [generic.multi] Calling send_event on child aggregator
2017-01-07 11:06:03,199 DEBUG [generic.service] Calling send_event on <wflogger.input.YamlFunctionInput object at 0x7fd734784ed0>
2017-01-07 11:06:03,199 DEBUG [collector.buffer] Got a recent press event, keep it in retention queue
2017-01-07 11:06:03,200 DEBUG [wflogger] Got 'rain' event. Queue size: 4
2017-01-07 11:06:03,200 DEBUG [collector.buffer] Dumping retention queue.
2017-01-07 11:06:03,200 DEBUG [generic.service] Calling send_event on <wflogger.input.YamlFunctionInput object at 0x7fd734784ed0>
2017-01-07 11:06:03,200 DEBUG [collector.buffer] Forwarding event: *FLUSH*
2017-01-07 11:06:03,200 DEBUG [wflogger] Got 'wind' event. Queue size: 5
2017-01-07 11:06:03,200 DEBUG [collector.aggregator] data = {'hum': 76.0, 'rain_rate': 0.0, 'rain': 0.0, 'pressure': 1020.3, 'humint': 81.0, 'solar_rad': None, 'wind_gust_dir': 202.5, 'wind_dir': 202.5, 'wind_gust': 2.7, 'uv_index': None, 'temp': 26.6, 'dew_point': 22.0, 'tempint': 26.2, 'wind': 1.7, 'localtime': datetime.datetime(2017, 1, 7, 11, 3, 54, 790455)}
2017-01-07 11:06:03,201 INFO [collector.aggregator] New period
2017-01-07 11:06:03,201 DEBUG [collector.aggregator] Flushing sample: {'hum': 76.0, 'rain_rate': 0.0, 'rain': 0.0, 'pressure': 1020.3, 'humint': 81.0, 'solar_rad': None, 'wind_gust_dir': 202.5, 'wind_dir': 202.5, 'wind_gust': 2.7, 'uv_index': None, 'temp': 26.6, 'dew_point': 22.0, 'tempint': 26.2, 'wind': 1.7, 'localtime': datetime.datetime(2017, 1, 7, 11, 3, 54, 790455)}
2017-01-07 11:06:03,201 DEBUG [generic.service] Calling write_sample on <wfcommon.generic.YamlIncludeElement object at 0x7fd734784ad0>
2017-01-07 11:06:03,201 DEBUG [generic.include] Calling write_sample on <wfcommon.generic.YamlUserChoiceElement object at 0x7fd73478dc50>
2017-01-07 11:06:03,201 DEBUG [generic.user] Calling write_sample on <wfcommon.storage.YamlCsvStorage object at 0x7fd734784a10>
2017-01-07 11:06:03,201 DEBUG [storage.csv] {'hum': 76.0, 'rain_rate': 0.0, 'rain': 0.0, 'pressure': 1020.3, 'humint': 81.0, 'solar_rad': None, 'wind_gust_dir': 202.5, 'wind_dir': 202.5, 'wind_gust': 2.7, 'uv_index': None, 'temp': 26.6, 'dew_point': 22.0, 'tempint': 26.2, 'wind': 1.7, 'localtime': datetime.datetime(2017, 1, 7, 11, 3, 54, 790455)}
2017-01-07 11:06:03,201 DEBUG [storage.csv] Writing row: [1483801434, '2017-01-07 11:03:54', 26.6, 76.0, 1.7, 202.5, 2.7, 202.5, 22.0, 0.0, 0.0, 1020.3, None]
2017-01-07 11:06:03,202 DEBUG [collector.buffer] Forwarding event: <press><value>1020.2</value><timestamp>2017-01-07 11:04:22.790952</timestamp></press>
2017-01-07 11:06:03,202 DEBUG [collector.buffer] Forwarding event: <temp><sensor>0</sensor><value>26.2</value><timestamp>2017-01-07 11:04:22.794054</timestamp></temp>
2017-01-07 11:06:03,202 DEBUG [collector.buffer] Forwarding event: <hum><sensor>0</sensor><value>81</value><timestamp>2017-01-07 11:04:22.794605</timestamp></hum>
2017-01-07 11:06:03,202 DEBUG [collector.buffer] Forwarding event: <temp><sensor>1</sensor><value>26.6</value><timestamp>2017-01-07 11:04:22.795101</timestamp></temp>
2017-01-07 11:06:03,202 DEBUG [collector.buffer] Forwarding event: <hum><sensor>1</sensor><value>76</value><timestamp>2017-01-07 11:04:22.795582</timestamp></hum>
2017-01-07 11:06:03,202 DEBUG [collector.buffer] Forwarding event: <rain><total>168.3</total><rate>0</rate><timestamp>2017-01-07 11:04:22.796103</timestamp></rain>
2017-01-07 11:06:03,202 DEBUG [collector.buffer] Forwarding event: <wind><mean><speed>1.7</speed><dir>135.0</dir></mean><gust><speed>2.4</speed><dir>135.0</dir></gust><timestamp>2017-01-07 11:04:22.796617</timestamp></wind>
2017-01-07 11:06:03,203 DEBUG [generic.multi] Calling send_event on child current
2017-01-07 11:06:03,203 DEBUG [generic.user] Calling send_event on <wflogger.collector.YamlXmlFileCollector object at 0x7fd73478b190>
2017-01-07 11:06:03,203 DEBUG [generic.multi] Calling send_event on child aggregator
2017-01-07 11:06:03,203 DEBUG [collector.buffer] Got a recent temp event, keep it in retention queue
2017-01-07 11:06:03,203 DEBUG [collector.buffer] Dumping retention queue.
2017-01-07 11:06:03,203 DEBUG [generic.multi] Calling send_event on child current
2017-01-07 11:06:03,203 DEBUG [generic.user] Calling send_event on <wflogger.collector.YamlXmlFileCollector object at 0x7fd73478b190>
2017-01-07 11:06:03,203 DEBUG [generic.multi] Calling send_event on child aggregator
2017-01-07 11:06:03,203 DEBUG [collector.buffer] Got a recent hum event, keep it in retention queue
2017-01-07 11:06:03,204 DEBUG [collector.buffer] Dumping retention queue.
2017-01-07 11:06:03,204 DEBUG [generic.multi] Calling send_event on child current
2017-01-07 11:06:03,204 DEBUG [generic.user] Calling send_event on <wflogger.collector.YamlXmlFileCollector object at 0x7fd73478b190>
2017-01-07 11:06:03,204 DEBUG [generic.multi] Calling send_event on child aggregator
2017-01-07 11:06:03,204 DEBUG [collector.buffer] Got a recent temp event, keep it in retention queue
2017-01-07 11:06:03,204 DEBUG [collector.buffer] Dumping retention queue.
2017-01-07 11:06:03,204 DEBUG [generic.multi] Calling send_event on child current
2017-01-07 11:06:03,204 DEBUG [generic.user] Calling send_event on <wflogger.collector.YamlXmlFileCollector object at 0x7fd73478b190>
2017-01-07 11:06:03,204 DEBUG [generic.multi] Calling send_event on child aggregator
2017-01-07 11:06:03,204 DEBUG [collector.buffer] Got a recent hum event, keep it in retention queue
2017-01-07 11:06:03,204 DEBUG [collector.buffer] Dumping retention queue.
2017-01-07 11:06:03,205 DEBUG [generic.multi] Calling send_event on child current
2017-01-07 11:06:03,205 DEBUG [generic.user] Calling send_event on <wflogger.collector.YamlXmlFileCollector object at 0x7fd73478b190>
2017-01-07 11:06:03,205 DEBUG [generic.multi] Calling send_event on child aggregator
2017-01-07 11:06:03,205 DEBUG [collector.buffer] Got a recent rain event, keep it in retention queue
2017-01-07 11:06:03,205 DEBUG [collector.buffer] Dumping retention queue.
2017-01-07 11:06:03,205 DEBUG [generic.multi] Calling send_event on child current
2017-01-07 11:06:03,205 DEBUG [generic.user] Calling send_event on <wflogger.collector.YamlXmlFileCollector object at 0x7fd73478b190>
2017-01-07 11:06:03,205 DEBUG [generic.multi] Calling send_event on child aggregator
2017-01-07 11:06:03,205 DEBUG [collector.buffer] Got a recent wind event, keep it in retention queue
2017-01-07 11:06:03,206 DEBUG [collector.buffer] Dumping retention queue.
2017-01-07 11:06:40,315 DEBUG [pywws.weather_station] delay 3, pause 0.5
2017-01-07 11:06:40,816 DEBUG [pywws.weather_station] avoid 5.79883003235
2017-01-07 11:06:46,779 DEBUG [pywws.weather_station] live_data new data
2017-01-07 11:06:46,779 DEBUG [wfdriver] Enqueuing: <press><value>1020.2</value></press>, Queue size: 0
2017-01-07 11:06:46,780 DEBUG [wfdriver] Enqueuing: <temp><sensor>0</sensor><value>26.2</value></temp>, Queue size: 1
2017-01-07 11:06:46,780 DEBUG [generic.service] Calling send_event on <wflogger.input.YamlFunctionInput object at 0x7fd734784ed0>
2017-01-07 11:06:46,780 DEBUG [wfdriver] Enqueuing: <hum><sensor>0</sensor><value>81</value></hum>, Queue size: 1
2017-01-07 11:06:46,780 DEBUG [wflogger] Got 'press' event. Queue size: 0
2017-01-07 11:06:46,780 DEBUG [wfdriver] Enqueuing: <temp><sensor>1</sensor><value>26.8</value></temp>, Queue size: 2
2017-01-07 11:06:46,780 DEBUG [generic.multi] Calling send_event on child current
2017-01-07 11:06:46,780 DEBUG [generic.service] Calling send_event on <wflogger.input.YamlFunctionInput object at 0x7fd734784ed0>
2017-01-07 11:06:46,781 DEBUG [wflogger] Got 'temp' event. Queue size: 0
2017-01-07 11:06:46,781 DEBUG [generic.user] Calling send_event on <wflogger.collector.YamlXmlFileCollector object at 0x7fd73478b190>
2017-01-07 11:06:46,781 DEBUG [generic.service] Calling send_event on <wflogger.input.YamlFunctionInput object at 0x7fd734784ed0>
2017-01-07 11:06:46,781 DEBUG [wfdriver] Enqueuing: <hum><sensor>1</sensor><value>75</value></hum>, Queue size: 2
2017-01-07 11:06:46,781 DEBUG [collector.flush] Flushing
2017-01-07 11:06:46,781 DEBUG [wflogger] Got 'hum' event. Queue size: 1
2017-01-07 11:06:46,782 DEBUG [wfdriver] Enqueuing: <rain><total>168.3</total><rate>0</rate></rain>, Queue size: 2
2017-01-07 11:06:46,782 DEBUG [generic.user] Calling send_event on <wflogger.collector.YamlXmlFileCollector object at 0x7fd73478b190>
2017-01-07 11:06:46,782 DEBUG [generic.service] Calling send_event on <wflogger.input.YamlFunctionInput object at 0x7fd734784ed0>
2017-01-07 11:06:46,782 DEBUG [wfdriver] Enqueuing: <wind><mean><speed>0.3</speed><dir>135.0</dir></mean><gust><speed>1.0</speed><dir>135.0</dir></gust></wind>, Queue size: 2
2017-01-07 11:06:46,782 DEBUG [collector.xmlfile] Flushing: <current><thInt><temp>26.2</temp><humidity>81</humidity></thInt><th1><temp>26.6</temp><humidity>75</humidity></th1><rain><rate>0</rate></rain><wind><avgSpeed>1.0</avgSpeed><dirDeg>90.0</dirDeg><gustSpeed>2.0</gustSpeed></wind><barometer><pressure>1020.2</pressure></barometer><time>2017-01-07 11:06:46</time></current> to data/wfrog-current.xml
2017-01-07 11:06:46,782 DEBUG [wflogger] Got 'temp' event. Queue size: 2
2017-01-07 11:06:46,782 DEBUG [pywws.weather_station] delay 4, pause 9.74912
2017-01-07 11:06:46,783 DEBUG [generic.service] Calling send_event on <wflogger.input.YamlFunctionInput object at 0x7fd734784ed0>
2017-01-07 11:06:46,783 DEBUG [wflogger] Got 'hum' event. Queue size: 3
2017-01-07 11:06:46,783 DEBUG [generic.multi] Calling send_event on child aggregator
2017-01-07 11:06:46,783 DEBUG [generic.service] Calling send_event on <wflogger.input.YamlFunctionInput object at 0x7fd734784ed0>
2017-01-07 11:06:46,783 DEBUG [collector.buffer] Got a recent press event, keep it in retention queue
2017-01-07 11:06:46,783 DEBUG [wflogger] Got 'rain' event. Queue size: 4
2017-01-07 11:06:46,783 DEBUG [collector.buffer] Dumping retention queue.
2017-01-07 11:06:46,784 DEBUG [generic.service] Calling send_event on <wflogger.input.YamlFunctionInput object at 0x7fd734784ed0>
2017-01-07 11:06:46,784 DEBUG [collector.buffer] Forwarding event: *FLUSH*
2017-01-07 11:06:46,784 DEBUG [wflogger] Got 'wind' event. Queue size: 5
2017-01-07 11:06:46,784 DEBUG [collector.aggregator] data = {'hum': 76.0, 'rain_rate': 0.0, 'rain': 0.0, 'pressure': 1020.2, 'humint': 81.0, 'solar_rad': None, 'wind_gust_dir': 135.0, 'wind_dir': 135.0, 'wind_gust': 2.4000000000000004, 'uv_index': None, 'temp': 26.6, 'dew_point': 22.0, 'tempint': 26.2, 'wind': 1.7, 'localtime': datetime.datetime(2017, 1, 7, 11, 4, 42, 790952)}
2017-01-07 11:06:46,784 INFO [collector.aggregator] New period
2017-01-07 11:06:46,784 DEBUG [collector.aggregator] Flushing sample: {'hum': 76.0, 'rain_rate': 0.0, 'rain': 0.0, 'pressure': 1020.2, 'humint': 81.0, 'solar_rad': None, 'wind_gust_dir': 135.0, 'wind_dir': 135.0, 'wind_gust': 2.4000000000000004, 'uv_index': None, 'temp': 26.6, 'dew_point': 22.0, 'tempint': 26.2, 'wind': 1.7, 'localtime': datetime.datetime(2017, 1, 7, 11, 4, 42, 790952)}
2017-01-07 11:06:46,784 DEBUG [generic.service] Calling write_sample on <wfcommon.generic.YamlIncludeElement object at 0x7fd734784ad0>
2017-01-07 11:06:46,785 DEBUG [generic.include] Calling write_sample on <wfcommon.generic.YamlUserChoiceElement object at 0x7fd73478dc50>
2017-01-07 11:06:46,785 DEBUG [generic.user] Calling write_sample on <wfcommon.storage.YamlCsvStorage object at 0x7fd734784a10>
2017-01-07 11:06:46,785 DEBUG [storage.csv] {'hum': 76.0, 'rain_rate': 0.0, 'rain': 0.0, 'pressure': 1020.2, 'humint': 81.0, 'solar_rad': None, 'wind_gust_dir': 135.0, 'wind_dir': 135.0, 'wind_gust': 2.4000000000000004, 'uv_index': None, 'temp': 26.6, 'dew_point': 22.0, 'tempint': 26.2, 'wind': 1.7, 'localtime': datetime.datetime(2017, 1, 7, 11, 4, 42, 790952)}
2017-01-07 11:06:46,785 DEBUG [storage.csv] Writing row: [1483801482, '2017-01-07 11:04:42', 26.6, 76.0, 1.7, 135.0, 2.4000000000000004, 135.0, 22.0, 0.0, 0.0, 1020.2, None]
2017-01-07 11:06:46,785 DEBUG [collector.buffer] Forwarding event: <press><value>1020.1</value><timestamp>2017-01-07 11:06:03.199905</timestamp></press>
2017-01-07 11:06:46,785 DEBUG [collector.buffer] Forwarding event: <temp><sensor>0</sensor><value>26.2</value><timestamp>2017-01-07 11:06:03.203449</timestamp></temp>
2017-01-07 11:06:46,785 DEBUG [collector.buffer] Forwarding event: <hum><sensor>0</sensor><value>81</value><timestamp>2017-01-07 11:06:03.203931</timestamp></hum>
2017-01-07 11:06:46,786 DEBUG [collector.buffer] Forwarding event: <temp><sensor>1</sensor><value>26.6</value><timestamp>2017-01-07 11:06:03.204422</timestamp></temp>
2017-01-07 11:06:46,786 DEBUG [collector.buffer] Forwarding event: <hum><sensor>1</sensor><value>75</value><timestamp>2017-01-07 11:06:03.204899</timestamp></hum>
2017-01-07 11:06:46,786 DEBUG [collector.buffer] Forwarding event: <rain><total>168.3</total><rate>0</rate><timestamp>2017-01-07 11:06:03.205374</timestamp></rain>
2017-01-07 11:06:46,786 DEBUG [collector.buffer] Forwarding event: <wind><mean><speed>1.0</speed><dir>90.0</dir></mean><gust><speed>2.0</speed><dir>90.0</dir></gust><timestamp>2017-01-07 11:06:03.205949</timestamp></wind>
2017-01-07 11:06:46,786 DEBUG [generic.multi] Calling send_event on child current
2017-01-07 11:06:46,786 DEBUG [generic.user] Calling send_event on <wflogger.collector.YamlXmlFileCollector object at 0x7fd73478b190>
2017-01-07 11:06:46,786 DEBUG [generic.multi] Calling send_event on child aggregator
2017-01-07 11:06:46,786 DEBUG [collector.buffer] Got a recent temp event, keep it in retention queue
2017-01-07 11:06:46,786 DEBUG [collector.buffer] Dumping retention queue.
2017-01-07 11:06:46,787 DEBUG [generic.multi] Calling send_event on child current
2017-01-07 11:06:46,787 DEBUG [generic.user] Calling send_event on <wflogger.collector.YamlXmlFileCollector object at 0x7fd73478b190>
2017-01-07 11:06:46,787 DEBUG [generic.multi] Calling send_event on child aggregator
2017-01-07 11:06:46,787 DEBUG [collector.buffer] Got a recent hum event, keep it in retention queue
2017-01-07 11:06:46,787 DEBUG [collector.buffer] Dumping retention queue.
2017-01-07 11:06:46,787 DEBUG [generic.multi] Calling send_event on child current
2017-01-07 11:06:46,787 DEBUG [generic.user] Calling send_event on <wflogger.collector.YamlXmlFileCollector object at 0x7fd73478b190>
2017-01-07 11:06:46,787 DEBUG [generic.multi] Calling send_event on child aggregator
2017-01-07 11:06:46,787 DEBUG [collector.buffer] Got a recent temp event, keep it in retention queue
2017-01-07 11:06:46,787 DEBUG [collector.buffer] Dumping retention queue.
2017-01-07 11:06:46,787 DEBUG [generic.multi] Calling send_event on child current
2017-01-07 11:06:46,788 DEBUG [generic.user] Calling send_event on <wflogger.collector.YamlXmlFileCollector object at 0x7fd73478b190>
2017-01-07 11:06:46,788 DEBUG [generic.multi] Calling send_event on child aggregator
2017-01-07 11:06:46,788 DEBUG [collector.buffer] Got a recent hum event, keep it in retention queue
2017-01-07 11:06:46,788 DEBUG [collector.buffer] Dumping retention queue.
2017-01-07 11:06:46,788 DEBUG [generic.multi] Calling send_event on child current
2017-01-07 11:06:46,788 DEBUG [generic.user] Calling send_event on <wflogger.collector.YamlXmlFileCollector object at 0x7fd73478b190>
2017-01-07 11:06:46,788 DEBUG [generic.multi] Calling send_event on child aggregator
2017-01-07 11:06:46,788 DEBUG [collector.buffer] Got a recent rain event, keep it in retention queue
2017-01-07 11:06:46,788 DEBUG [collector.buffer] Dumping retention queue.
2017-01-07 11:06:46,788 DEBUG [generic.multi] Calling send_event on child current
2017-01-07 11:06:46,788 DEBUG [generic.user] Calling send_event on <wflogger.collector.YamlXmlFileCollector object at 0x7fd73478b190>
2017-01-07 11:06:46,789 DEBUG [generic.multi] Calling send_event on child aggregator
2017-01-07 11:06:46,789 DEBUG [collector.buffer] Got a recent wind event, keep it in retention queue
2017-01-07 11:06:46,789 DEBUG [collector.buffer] Dumping retention queue.
2017-01-07 11:06:56,707 DEBUG [pywws.weather_station] delay 4, pause 0.5
2017-01-07 11:06:57,208 DEBUG [pywws.weather_station] avoid 5.82332611084
2017-01-07 11:07:03,195 INFO [pywws.weather_station] live_data new ptr: 002400
2017-01-07 11:07:03,196 DEBUG [pywws.weather_station] delay 0, pause 24.9192
2017-01-07 11:07:28,292 DEBUG [pywws.weather_station] delay 0, pause 0.5
2017-01-07 11:07:28,792 DEBUG [pywws.weather_station] avoid 5.82236289978
