2018-01-20 15:57:24,862 DEBUG [datasource.accumulator] Creating slice 2018-01-20 14:32:00 - 2018-01-20 14:33:00
2018-01-20 15:57:24,862 DEBUG [datasource.accumulator] Creating slice 2018-01-20 14:33:00 - 2018-01-20 14:34:00
2018-01-20 15:57:24,863 DEBUG [datasource.accumulator] Creating slice 2018-01-20 14:34:00 - 2018-01-20 14:35:00
2018-01-20 15:57:24,863 DEBUG [datasource.accumulator] Creating slice 2018-01-20 14:35:00 - 2018-01-20 14:36:00
2018-01-20 15:57:24,863 DEBUG [datasource.accumulator] Creating slice 2018-01-20 14:36:00 - 2018-01-20 14:37:00
2018-01-20 15:57:24,864 DEBUG [datasource.accumulator] Creating slice 2018-01-20 14:37:00 - 2018-01-20 14:38:00
2018-01-20 15:57:24,864 DEBUG [datasource.accumulator] Creating slice 2018-01-20 14:38:00 - 2018-01-20 14:39:00
2018-01-20 15:57:24,865 DEBUG [datasource.accumulator] Creating slice 2018-01-20 14:39:00 - 2018-01-20 14:40:00
2018-01-20 15:57:24,865 DEBUG [datasource.accumulator] Creating slice 2018-01-20 14:40:00 - 2018-01-20 14:41:00
2018-01-20 15:57:24,865 DEBUG [datasource.accumulator] Creating slice 2018-01-20 14:41:00 - 2018-01-20 14:42:00
2018-01-20 15:57:24,866 DEBUG [datasource.accumulator] Creating slice 2018-01-20 14:42:00 - 2018-01-20 14:43:00
2018-01-20 15:57:24,866 DEBUG [datasource.accumulator] Creating slice 2018-01-20 14:43:00 - 2018-01-20 14:44:00
2018-01-20 15:57:24,867 DEBUG [datasource.accumulator] Creating slice 2018-01-20 14:44:00 - 2018-01-20 14:45:00
2018-01-20 15:57:24,867 DEBUG [datasource.accumulator] Creating slice 2018-01-20 14:45:00 - 2018-01-20 14:46:00
2018-01-20 15:57:24,867 DEBUG [datasource.accumulator] Creating slice 2018-01-20 14:46:00 - 2018-01-20 14:47:00
2018-01-20 15:57:24,868 DEBUG [datasource.accumulator] Creating slice 2018-01-20 14:47:00 - 2018-01-20 14:48:00
2018-01-20 15:57:24,868 DEBUG [datasource.accumulator] Creating slice 2018-01-20 14:48:00 - 2018-01-20 14:49:00
2018-01-20 15:57:24,868 DEBUG [datasource.accumulator] Creating slice 2018-01-20 14:49:00 - 2018-01-20 14:50:00
2018-01-20 15:57:24,869 DEBUG [datasource.accumulator] Creating slice 2018-01-20 14:50:00 - 2018-01-20 14:51:00
2018-01-20 15:57:24,869 DEBUG [datasource.accumulator] Creating slice 2018-01-20 14:51:00 - 2018-01-20 14:52:00
2018-01-20 15:57:24,869 DEBUG [datasource.accumulator] Creating slice 2018-01-20 14:52:00 - 2018-01-20 14:53:00
2018-01-20 15:57:24,870 DEBUG [datasource.accumulator] Creating slice 2018-01-20 14:53:00 - 2018-01-20 14:54:00
2018-01-20 15:57:24,870 DEBUG [datasource.accumulator] Creating slice 2018-01-20 14:54:00 - 2018-01-20 14:55:00
2018-01-20 15:57:24,870 DEBUG [datasource.accumulator] Creating slice 2018-01-20 14:55:00 - 2018-01-20 14:56:00
2018-01-20 15:57:24,871 DEBUG [datasource.accumulator] Creating slice 2018-01-20 14:56:00 - 2018-01-20 14:57:00
2018-01-20 15:57:24,871 DEBUG [datasource.accumulator] Creating slice 2018-01-20 14:57:00 - 2018-01-20 14:58:00
2018-01-20 15:57:24,871 DEBUG [datasource.accumulator] Creating slice 2018-01-20 14:58:00 - 2018-01-20 14:59:00
2018-01-20 15:57:24,872 DEBUG [datasource.accumulator] Creating slice 2018-01-20 14:59:00 - 2018-01-20 15:00:00
2018-01-20 15:57:24,872 DEBUG [datasource.accumulator] Creating slice 2018-01-20 15:00:00 - 2018-01-20 15:01:00
2018-01-20 15:57:24,873 DEBUG [datasource.accumulator] Creating slice 2018-01-20 15:01:00 - 2018-01-20 15:02:00
2018-01-20 15:57:24,873 DEBUG [datasource.accumulator] Creating slice 2018-01-20 15:02:00 - 2018-01-20 15:03:00
2018-01-20 15:57:24,873 DEBUG [datasource.accumulator] Creating slice 2018-01-20 15:03:00 - 2018-01-20 15:04:00
2018-01-20 15:57:24,874 DEBUG [datasource.accumulator] Creating slice 2018-01-20 15:04:00 - 2018-01-20 15:05:00
2018-01-20 15:57:24,874 DEBUG [datasource.accumulator] Creating slice 2018-01-20 15:05:00 - 2018-01-20 15:06:00
2018-01-20 15:57:24,874 DEBUG [datasource.accumulator] Creating slice 2018-01-20 15:06:00 - 2018-01-20 15:07:00
2018-01-20 15:57:24,875 DEBUG [datasource.accumulator] Creating slice 2018-01-20 15:07:00 - 2018-01-20 15:08:00
2018-01-20 15:57:24,875 DEBUG [datasource.accumulator] Creating slice 2018-01-20 15:08:00 - 2018-01-20 15:09:00
2018-01-20 15:57:24,875 DEBUG [datasource.accumulator] Creating slice 2018-01-20 15:09:00 - 2018-01-20 15:10:00
2018-01-20 15:57:24,876 DEBUG [datasource.accumulator] Creating slice 2018-01-20 15:10:00 - 2018-01-20 15:11:00
2018-01-20 15:57:24,877 DEBUG [datasource.accumulator] Creating slice 2018-01-20 15:11:00 - 2018-01-20 15:12:00
2018-01-20 15:57:24,877 DEBUG [datasource.accumulator] Creating slice 2018-01-20 15:12:00 - 2018-01-20 15:13:00
2018-01-20 15:57:24,878 DEBUG [datasource.accumulator] Creating slice 2018-01-20 15:13:00 - 2018-01-20 15:14:00
2018-01-20 15:57:24,878 DEBUG [datasource.accumulator] Creating slice 2018-01-20 15:14:00 - 2018-01-20 15:15:00
2018-01-20 15:57:24,878 DEBUG [datasource.accumulator] Creating slice 2018-01-20 15:15:00 - 2018-01-20 15:16:00
2018-01-20 15:57:24,879 DEBUG [datasource.accumulator] Creating slice 2018-01-20 15:16:00 - 2018-01-20 15:17:00
2018-01-20 15:57:24,879 DEBUG [datasource.accumulator] Creating slice 2018-01-20 15:17:00 - 2018-01-20 15:18:00
2018-01-20 15:57:24,880 DEBUG [datasource.accumulator] Creating slice 2018-01-20 15:18:00 - 2018-01-20 15:19:00
2018-01-20 15:57:24,880 DEBUG [datasource.accumulator] Creating slice 2018-01-20 15:19:00 - 2018-01-20 15:20:00
2018-01-20 15:57:24,880 DEBUG [datasource.accumulator] Creating slice 2018-01-20 15:20:00 - 2018-01-20 15:21:00
2018-01-20 15:57:24,881 DEBUG [datasource.accumulator] Creating slice 2018-01-20 15:21:00 - 2018-01-20 15:22:00
2018-01-20 15:57:24,881 DEBUG [datasource.accumulator] Creating slice 2018-01-20 15:22:00 - 2018-01-20 15:23:00
2018-01-20 15:57:24,882 DEBUG [datasource.accumulator] Creating slice 2018-01-20 15:23:00 - 2018-01-20 15:24:00
2018-01-20 15:57:24,882 DEBUG [datasource.accumulator] Creating slice 2018-01-20 15:24:00 - 2018-01-20 15:25:00
2018-01-20 15:57:24,883 DEBUG [datasource.accumulator] Creating slice 2018-01-20 15:25:00 - 2018-01-20 15:26:00
2018-01-20 15:57:24,883 DEBUG [datasource.accumulator] Creating slice 2018-01-20 15:26:00 - 2018-01-20 15:27:00
2018-01-20 15:57:24,883 DEBUG [datasource.accumulator] Creating slice 2018-01-20 15:27:00 - 2018-01-20 15:28:00
2018-01-20 15:57:24,884 DEBUG [datasource.accumulator] Creating slice 2018-01-20 15:28:00 - 2018-01-20 15:29:00
2018-01-20 15:57:24,884 DEBUG [datasource.accumulator] Creating slice 2018-01-20 15:29:00 - 2018-01-20 15:30:00
2018-01-20 15:57:24,884 DEBUG [datasource.accumulator] Creating slice 2018-01-20 15:30:00 - 2018-01-20 15:31:00
2018-01-20 15:57:24,885 DEBUG [datasource.accumulator] Creating slice 2018-01-20 15:31:00 - 2018-01-20 15:32:00
2018-01-20 15:57:24,885 DEBUG [datasource.accumulator] Creating slice 2018-01-20 15:32:00 - 2018-01-20 15:33:00
2018-01-20 15:57:24,885 DEBUG [datasource.accumulator] Creating slice 2018-01-20 15:33:00 - 2018-01-20 15:34:00
2018-01-20 15:57:24,886 DEBUG [datasource.accumulator] Creating slice 2018-01-20 15:34:00 - 2018-01-20 15:35:00
2018-01-20 15:57:24,886 DEBUG [datasource.accumulator] Creating slice 2018-01-20 15:35:00 - 2018-01-20 15:36:00
2018-01-20 15:57:24,887 DEBUG [datasource.accumulator] Creating slice 2018-01-20 15:36:00 - 2018-01-20 15:37:00
2018-01-20 15:57:24,887 DEBUG [datasource.accumulator] Creating slice 2018-01-20 15:37:00 - 2018-01-20 15:38:00
2018-01-20 15:57:24,887 DEBUG [datasource.accumulator] Creating slice 2018-01-20 15:38:00 - 2018-01-20 15:39:00
2018-01-20 15:57:24,888 DEBUG [datasource.accumulator] Creating slice 2018-01-20 15:39:00 - 2018-01-20 15:40:00
2018-01-20 15:57:24,888 DEBUG [datasource.accumulator] Creating slice 2018-01-20 15:40:00 - 2018-01-20 15:41:00
2018-01-20 15:57:24,889 DEBUG [datasource.accumulator] Creating slice 2018-01-20 15:41:00 - 2018-01-20 15:42:00
2018-01-20 15:57:24,889 DEBUG [datasource.accumulator] Creating slice 2018-01-20 15:42:00 - 2018-01-20 15:43:00
2018-01-20 15:57:24,889 DEBUG [datasource.accumulator] Creating slice 2018-01-20 15:43:00 - 2018-01-20 15:44:00
2018-01-20 15:57:24,890 DEBUG [datasource.accumulator] Creating slice 2018-01-20 15:44:00 - 2018-01-20 15:45:00
2018-01-20 15:57:24,890 DEBUG [datasource.accumulator] Creating slice 2018-01-20 15:45:00 - 2018-01-20 15:46:00
2018-01-20 15:57:24,891 DEBUG [datasource.accumulator] Creating slice 2018-01-20 15:46:00 - 2018-01-20 15:47:00
2018-01-20 15:57:24,891 DEBUG [datasource.accumulator] Creating slice 2018-01-20 15:47:00 - 2018-01-20 15:48:00
2018-01-20 15:57:24,891 DEBUG [datasource.accumulator] Creating slice 2018-01-20 15:48:00 - 2018-01-20 15:49:00
2018-01-20 15:57:24,892 DEBUG [datasource.accumulator] Creating slice 2018-01-20 15:49:00 - 2018-01-20 15:50:00
2018-01-20 15:57:24,892 DEBUG [datasource.accumulator] Creating slice 2018-01-20 15:50:00 - 2018-01-20 15:51:00
2018-01-20 15:57:24,892 DEBUG [datasource.accumulator] Creating slice 2018-01-20 15:51:00 - 2018-01-20 15:52:00
2018-01-20 15:57:24,893 DEBUG [datasource.accumulator] Creating slice 2018-01-20 15:52:00 - 2018-01-20 15:53:00
2018-01-20 15:57:24,893 DEBUG [datasource.accumulator] Creating slice 2018-01-20 15:53:00 - 2018-01-20 15:54:00
2018-01-20 15:57:24,893 DEBUG [datasource.accumulator] Creating slice 2018-01-20 15:54:00 - 2018-01-20 15:55:00
2018-01-20 15:57:24,894 DEBUG [datasource.accumulator] Creating slice 2018-01-20 15:55:00 - 2018-01-20 15:56:00
2018-01-20 15:57:24,894 DEBUG [datasource.accumulator] Creating slice 2018-01-20 15:56:00 - 2018-01-20 15:57:00
2018-01-20 15:57:24,895 DEBUG [datasource.accumulator] Creating slice 2018-01-20 15:57:00 - 2018-01-20 15:58:00
2018-01-20 15:57:24,895 DEBUG [datasource.accumulator] Update from 2018-01-20 12:58:00 
2018-01-20 15:57:24,895 DEBUG [generic.service] Calling samples on <wfcommon.generic.YamlIncludeElement object at 0x7fcf68265590>
2018-01-20 15:57:24,895 DEBUG [generic.include] Calling samples on <wfcommon.generic.YamlUserChoiceElement object at 0x7fcf6826b1d0>
2018-01-20 15:57:24,895 DEBUG [generic.user] Calling samples on <wfcommon.storage.YamlCsvStorage object at 0x7fcf6826b790>
2018-01-20 15:57:24,900 DEBUG [datasource.accumulator] Deleted 0 slices
2018-01-20 15:57:24,901 DEBUG [datasource.accumulator] Last timestamp: 1969-12-31 20:00:00
2018-01-20 15:57:24,916 DEBUG [generic.multi] Calling render on child current
2018-01-20 15:57:24,924 DEBUG [generic.include] Calling render on <wfrender.renderer.YamlDataRenderer object at 0x7fcf632030d0>
2018-01-20 15:57:24,924 DEBUG [generic.user] Current user:default
2018-01-20 15:57:24,924 DEBUG [generic.user] Calling execute on <wfrender.datasource.YamlCurrentConditionsXmlDataSource object at 0x7fcf63209c90>
2018-01-20 15:57:24,926 DEBUG [generic.multi] Calling render on child timestamp
2018-01-20 15:57:24,927 DEBUG [renderer.value] Getting value for 'info.timestamp'
2018-01-20 15:57:24,927 DEBUG [generic.multi] Calling render on child hum0
2018-01-20 15:57:24,927 DEBUG [renderer.value] Getting value for 'hum0.value'
2018-01-20 15:57:24,927 DEBUG [generic.multi] Calling render on child hum1
2018-01-20 15:57:24,927 DEBUG [renderer.value] Getting value for 'hum1.value'
2018-01-20 15:57:24,927 DEBUG [generic.multi] Calling render on child rain
2018-01-20 15:57:24,927 DEBUG [renderer.value] Getting value for 'rain.value'
2018-01-20 15:57:24,927 DEBUG [generic.multi] Calling render on child temp1
2018-01-20 15:57:24,927 DEBUG [renderer.value] Getting value for 'temp1.value'
2018-01-20 15:57:24,927 DEBUG [generic.multi] Calling render on child temp0
2018-01-20 15:57:24,927 DEBUG [renderer.value] Getting value for 'temp0.value'
2018-01-20 15:57:24,927 DEBUG [generic.multi] Calling render on child press
2018-01-20 15:57:24,927 DEBUG [renderer.value] Getting value for 'press.value'
2018-01-20 15:57:24,928 DEBUG [generic.multi] Calling render on child wind
2018-01-20 15:57:24,928 DEBUG [generic.multi] Calling render on child gust
2018-01-20 15:57:24,928 DEBUG [renderer.value] Getting value for 'wind.max'
2018-01-20 15:57:24,928 DEBUG [generic.multi] Calling render on child speed
2018-01-20 15:57:24,928 DEBUG [renderer.value] Getting value for 'wind.value'
2018-01-20 15:57:24,928 DEBUG [generic.multi] Calling render on child dir
2018-01-20 15:57:24,929 DEBUG [generic.multi] Calling render on child chart
2018-01-20 15:57:24,967 DEBUG [generic.include] Calling render on <wfcommon.generic.YamlMultiElement object at 0x7fcf63209f50>
2018-01-20 15:57:24,967 DEBUG [generic.multi] Calling render on child wind
2018-01-20 15:57:24,968 DEBUG [renderer.chart] Y range: 0.0 22.0
2018-01-20 15:57:24,969 DEBUG [generic.multi] Calling render on child wind_dir
2018-01-20 15:57:24,970 DEBUG [generic.multi] Calling render on child temp
2018-01-20 15:57:24,970 DEBUG [renderer.chart] Y range: 19.0 29.0
2018-01-20 15:57:24,971 DEBUG [generic.multi] Calling render on child press
2018-01-20 15:57:24,971 DEBUG [renderer.chart] Y range: 1015.0 1020.0
2018-01-20 15:57:24,972 DEBUG [generic.multi] Calling render on child hum
2018-01-20 15:57:24,972 DEBUG [renderer.chart] Y range: 62.0 88.0
2018-01-20 15:57:24,973 DEBUG [generic.multi] Calling render on child rain_rate
2018-01-20 15:57:24,973 DEBUG [renderer.chart] Y range: 0.0 10.0
2018-01-20 15:57:24,973 DEBUG [generic.multi] Calling render on child rain
2018-01-20 15:57:24,974 DEBUG [renderer.chart] Y range: 0.0 13.0
2018-01-20 15:57:24,974 DEBUG [generic.multi] Calling render on child summary
2018-01-20 15:57:24,979 DEBUG [renderer.template] Rendering with template /home/td/.wfrog//wfrender/config/default/../../templates/default/main.html
2018-01-20 15:57:24,979 DEBUG [renderer.template] Compiling template /home/td/.wfrog//wfrender/config/default/../../templates/default/main.html
2018-01-20 15:57:25,138 INFO [renderer.http] 192.168.3.206 - "GET /3hours.html HTTP/1.1" 200 -
2018-01-20 15:57:26,036 INFO [renderer.http] 192.168.3.206 - code 404, message File Not Found: '/images/sdown-666666.png'
2018-01-20 15:57:26,036 INFO [renderer.http] 192.168.3.206 - "GET /images/sdown-666666.png HTTP/1.1" 404 -
2018-01-20 15:57:26,036 INFO [renderer.http] 192.168.3.206 - code 404, message File Not Found: '/images/gricon.png'
2018-01-20 15:57:26,036 INFO [renderer.http] 192.168.3.206 - "GET /images/gricon.png HTTP/1.1" 404 -
2018-01-20 15:57:30,559 DEBUG [generic.include] Calling render on <wfrender.renderer.YamlTemplateRenderer object at 0x7fcf6824d1d0>
2018-01-20 15:57:30,559 DEBUG [generic.service] Calling execute on <wfcommon.generic.YamlIncludeElement object at 0x7fcf682655d0>
2018-01-20 15:57:30,560 DEBUG [generic.include] Calling execute on <wfrender.datasource.YamlAccumulatorDataSource object at 0x7fcf6824d3d0>
2018-01-20 15:57:30,560 DEBUG [datasource.accumulator] Last timestamp: 2018-01-20 15:55:39
2018-01-20 15:57:30,560 DEBUG [generic.multi] Calling render on child current
2018-01-20 15:57:30,560 DEBUG [generic.include] Calling render on <wfrender.renderer.YamlDataRenderer object at 0x7fcf632030d0>
2018-01-20 15:57:30,560 DEBUG [generic.user] Calling execute on <wfrender.datasource.YamlCurrentConditionsXmlDataSource object at 0x7fcf63209c90>
2018-01-20 15:57:30,560 DEBUG [generic.multi] Calling render on child timestamp
2018-01-20 15:57:30,561 DEBUG [renderer.value] Getting value for 'info.timestamp'
2018-01-20 15:57:30,561 DEBUG [generic.multi] Calling render on child hum0
2018-01-20 15:57:30,561 DEBUG [renderer.value] Getting value for 'hum0.value'
2018-01-20 15:57:30,561 DEBUG [generic.multi] Calling render on child hum1
2018-01-20 15:57:30,561 DEBUG [renderer.value] Getting value for 'hum1.value'
2018-01-20 15:57:30,561 DEBUG [generic.multi] Calling render on child rain
2018-01-20 15:57:30,561 DEBUG [renderer.value] Getting value for 'rain.value'
2018-01-20 15:57:30,561 DEBUG [generic.multi] Calling render on child temp1
2018-01-20 15:57:30,561 DEBUG [renderer.value] Getting value for 'temp1.value'
2018-01-20 15:57:30,561 DEBUG [generic.multi] Calling render on child temp0
2018-01-20 15:57:30,561 DEBUG [renderer.value] Getting value for 'temp0.value'
2018-01-20 15:57:30,561 DEBUG [generic.multi] Calling render on child press
2018-01-20 15:57:30,562 DEBUG [renderer.value] Getting value for 'press.value'
2018-01-20 15:57:30,562 DEBUG [generic.multi] Calling render on child wind
2018-01-20 15:57:30,562 DEBUG [generic.multi] Calling render on child gust
2018-01-20 15:57:30,562 DEBUG [renderer.value] Getting value for 'wind.max'
2018-01-20 15:57:30,562 DEBUG [generic.multi] Calling render on child speed
2018-01-20 15:57:30,562 DEBUG [renderer.value] Getting value for 'wind.value'
2018-01-20 15:57:30,562 DEBUG [generic.multi] Calling render on child dir
2018-01-20 15:57:30,563 DEBUG [generic.multi] Calling render on child chart
2018-01-20 15:57:30,563 DEBUG [generic.include] Calling render on <wfcommon.generic.YamlMultiElement object at 0x7fcf63209f50>
2018-01-20 15:57:30,563 DEBUG [generic.multi] Calling render on child wind
2018-01-20 15:57:30,564 DEBUG [renderer.chart] Y range: 0.0 22.0
2018-01-20 15:57:30,564 DEBUG [generic.multi] Calling render on child wind_dir
2018-01-20 15:57:30,565 DEBUG [generic.multi] Calling render on child temp
2018-01-20 15:57:30,566 DEBUG [renderer.chart] Y range: 19.0 29.0
2018-01-20 15:57:30,567 DEBUG [generic.multi] Calling render on child press
2018-01-20 15:57:30,567 DEBUG [renderer.chart] Y range: 1015.0 1020.0
2018-01-20 15:57:30,568 DEBUG [generic.multi] Calling render on child hum
2018-01-20 15:57:30,568 DEBUG [renderer.chart] Y range: 62.0 88.0
2018-01-20 15:57:30,568 DEBUG [generic.multi] Calling render on child rain_rate
2018-01-20 15:57:30,568 DEBUG [renderer.chart] Y range: 0.0 10.0
2018-01-20 15:57:30,569 DEBUG [generic.multi] Calling render on child rain
2018-01-20 15:57:30,569 DEBUG [renderer.chart] Y range: 0.0 13.0
2018-01-20 15:57:30,570 DEBUG [generic.multi] Calling render on child summary
2018-01-20 15:57:30,574 DEBUG [renderer.template] Rendering with template /home/td/.wfrog//wfrender/config/default/../../templates/default/main.html
2018-01-20 15:57:30,584 INFO [renderer.http] 192.168.3.206 - "GET /3hours.html HTTP/1.1" 200 -
2018-01-20 15:57:31,216 INFO [renderer.http] 192.168.3.206 - code 404, message File Not Found: '/images/sdown-666666.png'
2018-01-20 15:57:31,216 INFO [renderer.http] 192.168.3.206 - "GET /images/sdown-666666.png HTTP/1.1" 404 -
2018-01-20 15:57:31,217 INFO [renderer.http] 192.168.3.206 - code 404, message File Not Found: '/images/gricon.png'
2018-01-20 15:57:31,217 INFO [renderer.http] 192.168.3.206 - "GET /images/gricon.png HTTP/1.1" 404 -
2018-01-20 15:57:37,614 DEBUG [generic.include] Calling render on <wfrender.renderer.YamlTemplateRenderer object at 0x7fcf6824d1d0>
2018-01-20 15:57:37,614 DEBUG [generic.service] Calling execute on <wfcommon.generic.YamlIncludeElement object at 0x7fcf682655d0>
2018-01-20 15:57:37,615 DEBUG [generic.include] Calling execute on <wfrender.datasource.YamlAccumulatorDataSource object at 0x7fcf6824d3d0>
2018-01-20 15:57:37,615 DEBUG [datasource.accumulator] Last timestamp: 2018-01-20 15:55:39
2018-01-20 15:57:37,615 DEBUG [generic.multi] Calling render on child current
2018-01-20 15:57:37,615 DEBUG [generic.include] Calling render on <wfrender.renderer.YamlDataRenderer object at 0x7fcf632030d0>
2018-01-20 15:57:37,615 DEBUG [generic.user] Calling execute on <wfrender.datasource.YamlCurrentConditionsXmlDataSource object at 0x7fcf63209c90>
2018-01-20 15:57:37,616 DEBUG [generic.multi] Calling render on child timestamp
2018-01-20 15:57:37,616 DEBUG [renderer.value] Getting value for 'info.timestamp'
2018-01-20 15:57:37,616 DEBUG [generic.multi] Calling render on child hum0
2018-01-20 15:57:37,617 DEBUG [renderer.value] Getting value for 'hum0.value'
2018-01-20 15:57:37,617 DEBUG [generic.multi] Calling render on child hum1
2018-01-20 15:57:37,617 DEBUG [renderer.value] Getting value for 'hum1.value'
2018-01-20 15:57:37,617 DEBUG [generic.multi] Calling render on child rain
2018-01-20 15:57:37,617 DEBUG [renderer.value] Getting value for 'rain.value'
2018-01-20 15:57:37,617 DEBUG [generic.multi] Calling render on child temp1
2018-01-20 15:57:37,617 DEBUG [renderer.value] Getting value for 'temp1.value'
2018-01-20 15:57:37,617 DEBUG [generic.multi] Calling render on child temp0
2018-01-20 15:57:37,618 DEBUG [renderer.value] Getting value for 'temp0.value'
2018-01-20 15:57:37,618 DEBUG [generic.multi] Calling render on child press
2018-01-20 15:57:37,618 DEBUG [renderer.value] Getting value for 'press.value'
2018-01-20 15:57:37,618 DEBUG [generic.multi] Calling render on child wind
2018-01-20 15:57:37,618 DEBUG [generic.multi] Calling render on child gust
2018-01-20 15:57:37,618 DEBUG [renderer.value] Getting value for 'wind.max'
2018-01-20 15:57:37,618 DEBUG [generic.multi] Calling render on child speed
2018-01-20 15:57:37,619 DEBUG [renderer.value] Getting value for 'wind.value'
2018-01-20 15:57:37,619 DEBUG [generic.multi] Calling render on child dir
2018-01-20 15:57:37,621 DEBUG [generic.multi] Calling render on child chart
2018-01-20 15:57:37,621 DEBUG [generic.include] Calling render on <wfcommon.generic.YamlMultiElement object at 0x7fcf63209f50>
2018-01-20 15:57:37,621 DEBUG [generic.multi] Calling render on child wind
2018-01-20 15:57:37,622 DEBUG [renderer.chart] Y range: 0.0 22.0
2018-01-20 15:57:37,624 DEBUG [generic.multi] Calling render on child wind_dir
2018-01-20 15:57:37,626 DEBUG [generic.multi] Calling render on child temp
2018-01-20 15:57:37,626 DEBUG [renderer.chart] Y range: 19.0 29.0
2018-01-20 15:57:37,627 DEBUG [generic.multi] Calling render on child press
2018-01-20 15:57:37,628 DEBUG [renderer.chart] Y range: 1015.0 1020.0
2018-01-20 15:57:37,628 DEBUG [generic.multi] Calling render on child hum
2018-01-20 15:57:37,628 DEBUG [renderer.chart] Y range: 62.0 88.0
2018-01-20 15:57:37,629 DEBUG [generic.multi] Calling render on child rain_rate
2018-01-20 15:57:37,629 DEBUG [renderer.chart] Y range: 0.0 10.0
2018-01-20 15:57:37,630 DEBUG [generic.multi] Calling render on child rain
2018-01-20 15:57:37,630 DEBUG [renderer.chart] Y range: 0.0 13.0
2018-01-20 15:57:37,630 DEBUG [generic.multi] Calling render on child summary
2018-01-20 15:57:37,635 DEBUG [renderer.template] Rendering with template /home/td/.wfrog//wfrender/config/default/../../templates/default/main.html
2018-01-20 15:57:37,645 INFO [renderer.http] 192.168.3.206 - "GET /3hours.html HTTP/1.1" 200 -
2018-01-20 15:57:38,239 INFO [renderer.http] 192.168.3.206 - code 404, message File Not Found: '/images/gricon.png'
2018-01-20 15:57:38,239 INFO [renderer.http] 192.168.3.206 - "GET /images/gricon.png HTTP/1.1" 404 -
2018-01-20 15:57:38,254 INFO [renderer.http] 192.168.3.206 - code 404, message File Not Found: '/images/sdown-666666.png'
2018-01-20 15:57:38,254 INFO [renderer.http] 192.168.3.206 - "GET /images/sdown-666666.png HTTP/1.1" 404 -
